2019-09-09 09:04:30,253 [main] DEBUG class java.lang.Class - Starting Andmore Common Plugin...
2019-09-09 09:04:30,253 [main] DEBUG class java.lang.Class - Andmore Common Plugin started.
2019-09-09 09:04:30,258 [main] DEBUG class java.lang.Class - Starting Andmore Plugin...
2019-09-09 09:04:30,260 [main] DEBUG class java.lang.Class - Andmore Plugin started.
2019-09-09 09:04:31,957 [main] DEBUG class java.lang.Class - Starting Andmore Emulator Plugin...
2019-09-09 09:04:32,053 [main] DEBUG class java.lang.Class - Andmore Emulator Plugin started.
2019-09-09 09:04:32,063 [main] DEBUG class java.lang.Class - Starting Andmore Handset Plugin...
2019-09-09 09:04:32,063 [main] DEBUG class java.lang.Class - Andmore Handset Plugin started.
2019-09-09 09:04:32,072 [main] DEBUG class java.lang.Class - Starting Andmore Remote Device Plugin...
2019-09-09 09:04:32,073 [main] DEBUG class java.lang.Class - Starting Andmore Remote Device Plugin started.
2019-09-09 09:04:32,081 [main] DEBUG class java.lang.Class - Starting Andmore Device Services Plugin...
2019-09-09 09:04:32,081 [main] DEBUG class java.lang.Class - Andmore Device Services Plugin started.
2019-09-09 09:04:32,203 [Instance Event Manager] INFO  Studio for Android - The android device instance status was updated: test Status: OFF
2019-09-09 09:04:32,206 [Instance Event Manager] INFO  Studio for Android - The android device instance status was updated: test1 Status: OFF
2019-09-09 09:04:32,208 [Instance Event Manager] INFO  Studio for Android - The android device instance status was updated: test Status: org.eclipse.andmore.android.emulator.status.notavailable
2019-09-09 09:04:32,208 [Instance Event Manager] INFO  Studio for Android - The android device instance status was updated: test1 Status: org.eclipse.andmore.android.emulator.status.notavailable
2019-09-09 09:04:32,237 [main] ERROR Studio for Android - Handler could not be instanced(PLUGIN=org.eclipse.sequoyah.device.framework;ERROR=202)
2019-09-09 09:04:32,238 [main] ERROR Studio for Android - Handler could not be instanced(PLUGIN=org.eclipse.sequoyah.device.framework;ERROR=202)
2019-09-09 09:04:32,238 [main] ERROR Studio for Android - Handler could not be instanced(PLUGIN=org.eclipse.sequoyah.device.framework;ERROR=202)
2019-09-09 09:04:32,238 [main] ERROR Studio for Android - Handler could not be instanced(PLUGIN=org.eclipse.sequoyah.device.framework;ERROR=202)
2019-09-09 09:04:32,239 [main] ERROR Studio for Android - Handler could not be instanced(PLUGIN=org.eclipse.sequoyah.device.framework;ERROR=202)
2019-09-09 09:04:32,239 [main] ERROR Studio for Android - Handler could not be instanced(PLUGIN=org.eclipse.sequoyah.device.framework;ERROR=202)
2019-09-09 09:04:32,239 [main] ERROR Studio for Android - Handler could not be instanced(PLUGIN=org.eclipse.sequoyah.device.framework;ERROR=202)
2019-09-09 09:04:32,239 [main] ERROR Studio for Android - Handler could not be instanced(PLUGIN=org.eclipse.sequoyah.device.framework;ERROR=202)
2019-09-09 09:04:32,239 [main] ERROR Studio for Android - Handler could not be instanced(PLUGIN=org.eclipse.sequoyah.device.framework;ERROR=202)
2019-09-09 09:04:32,239 [main] ERROR Studio for Android - Handler could not be instanced(PLUGIN=org.eclipse.sequoyah.device.framework;ERROR=202)
2019-09-09 09:04:32,240 [main] ERROR Studio for Android - Handler could not be instanced(PLUGIN=org.eclipse.sequoyah.device.framework;ERROR=202)
2019-09-09 09:04:32,240 [main] ERROR Studio for Android - Handler could not be instanced(PLUGIN=org.eclipse.sequoyah.device.framework;ERROR=202)
2019-09-09 09:04:32,240 [main] ERROR Studio for Android - Handler could not be instanced(PLUGIN=org.eclipse.sequoyah.device.framework;ERROR=202)
2019-09-09 09:04:32,240 [main] ERROR Studio for Android - Handler could not be instanced(PLUGIN=org.eclipse.sequoyah.device.framework;ERROR=202)
2019-09-09 09:04:32,240 [main] ERROR Studio for Android - Handler could not be instanced(PLUGIN=org.eclipse.sequoyah.device.framework;ERROR=202)
2019-09-09 09:04:32,240 [main] ERROR Studio for Android - Handler could not be instanced(PLUGIN=org.eclipse.sequoyah.device.framework;ERROR=202)
2019-09-09 09:04:32,241 [main] ERROR Studio for Android - Handler could not be instanced(PLUGIN=org.eclipse.sequoyah.device.framework;ERROR=202)
2019-09-09 09:04:32,241 [main] ERROR Studio for Android - Handler could not be instanced(PLUGIN=org.eclipse.sequoyah.device.framework;ERROR=202)
2019-09-09 09:04:32,241 [main] ERROR Studio for Android - Handler could not be instanced(PLUGIN=org.eclipse.sequoyah.device.framework;ERROR=202)
2019-09-09 09:04:32,241 [main] ERROR Studio for Android - Handler could not be instanced(PLUGIN=org.eclipse.sequoyah.device.framework;ERROR=202)
2019-09-09 09:04:37,903 [main] DEBUG class java.lang.Class - Starting DDMS facade using listener...
2019-09-09 09:04:37,912 [main] DEBUG class java.lang.Class - DDMS facade started using listener.
2019-09-09 09:04:38,223 [Worker-2] DEBUG class org.eclipse.andmore.android.AndroidPlugin - Notify SDK loader listeners
2019-09-09 09:04:40,056 [Worker-2] DEBUG class org.eclipse.andmore.android.AndroidPlugin - Notify SDK loader listeners
2019-09-09 09:04:49,412 [Worker-1] INFO  Studio for Android - [Status: id=org.eclipse.andmore.android.emulator.status.offline;name=Offline]
2019-09-09 09:04:49,412 [Worker-1] INFO  Studio for Android - [Status: id=org.eclipse.andmore.android.handset.status.handsetonline;name=Online]
2019-09-09 09:04:49,412 [Worker-1] INFO  Studio for Android - [Status: id=INACTIVE;name=INACTIVE]
2019-09-09 09:04:49,412 [Worker-1] INFO  Studio for Android - [Status: id=org.eclipse.andmore.android.emulator.status.notavailable;name=Not available]
2019-09-09 09:04:49,412 [Worker-1] INFO  Studio for Android - [Status: id=IDLE;name=IDLE]
2019-09-09 09:04:49,412 [Worker-1] INFO  Studio for Android - [Status: id=org.eclipse.andmore.android.remote.status.connected;name=Connected]
2019-09-09 09:04:49,412 [Worker-1] INFO  Studio for Android - [Status: id=org.eclipse.andmore.android.remote.status.disconnected;name=Disconnected]
2019-09-09 09:04:49,413 [Worker-1] INFO  Studio for Android - [Status: id=org.eclipse.andmore.android.emulator.status.online;name=Online]
2019-09-09 09:04:49,413 [Worker-1] INFO  Studio for Android - [Status: id=OFF;name=OFF]
2019-09-09 09:04:49,413 [Worker-1] INFO  Studio for Android - [Status: id=org.eclipse.andmore.android.emulator.status.offlineNoData;name=Offline (no user data)]
2019-09-09 09:04:55,244 [Worker-1] DEBUG class org.eclipse.andmore.android.AndroidPlugin - Notify SDK loader listeners
2019-09-09 09:05:26,488 [main] DEBUG class java.lang.Class - Starting Eclipse Andmore Database Core Plugin...
2019-09-09 09:05:26,524 [main] DEBUG Studio for Android - JDBC Driver Location:bundleentry://69.fwk1291286504/res/androidjdbc.jar JDBC Driver getBundle().getLocation():reference:file:plugins/org.eclipse.andmore.android.common_0.5.0.201605181018.jar
2019-09-09 09:05:26,546 [main] DEBUG Studio for Android - JDBC Driver Path:/mnt/b2c7efbf-ef52-437d-8ca7-e46ea581cbba/Me/debfile/eclipse/configuration/org.eclipse.osgi/69/0/.cp/res/androidjdbc.jar
2019-09-09 09:05:26,546 [main] DEBUG Studio for Android - JDBC Driver Location:bundleentry://69.fwk1291286504/res/androidjdbc.jar JDBC Driver getBundle().getLocation():reference:file:plugins/org.eclipse.andmore.android.common_0.5.0.201605181018.jar
2019-09-09 09:05:26,547 [main] DEBUG Studio for Android - JDBC Driver Path:/mnt/b2c7efbf-ef52-437d-8ca7-e46ea581cbba/Me/debfile/eclipse/configuration/org.eclipse.osgi/69/0/.cp/res/androidjdbc.jar
2019-09-09 09:05:26,562 [main] INFO  Studio for Android - Created a JDBC driver instance at Data Tools.
2019-09-09 09:05:26,571 [main] DEBUG class java.lang.Class - Eclipse Andmore Database Core Plugin started.
2019-09-09 09:05:26,581 [main] DEBUG class java.lang.Class - Starting Eclipse Andmore Database Devices Support Plugin...
2019-09-09 09:05:26,587 [main] DEBUG class java.lang.Class - Eclipse Andmore Database Devices Support Plugin started...
2019-09-09 09:05:27,961 [Framework stop] DEBUG Studio for Android - org.eclipse.sequoyah.device.service.start.StartServicePlugin-SHUTDOWN
2019-09-09 09:05:27,980 [Framework stop] DEBUG Studio for Android - org.eclipse.sequoyah.device.framework.ui.DeviceUIPlugin-SHUTDOWN
2019-09-09 09:05:27,980 [Framework stop] DEBUG Studio for Android - org.eclipse.sequoyah.device.service.stop.StopServicePlugin-SHUTDOWN
2019-09-09 09:05:27,980 [Framework stop] DEBUG Studio for Android - org.eclipse.sequoyah.device.framework.DevicePlugin-SHUTDOWN
2019-09-09 09:08:23,336 [Worker-3] DEBUG class java.lang.Class - Starting Andmore Common Plugin...
2019-09-09 09:08:23,336 [Worker-3] DEBUG class java.lang.Class - Andmore Common Plugin started.
2019-09-09 09:08:23,340 [Worker-3] DEBUG class java.lang.Class - Starting Andmore Plugin...
2019-09-09 09:08:23,349 [Worker-3] DEBUG class java.lang.Class - Andmore Plugin started.
2019-09-09 09:08:23,425 [Worker-3] DEBUG class java.lang.Class - Starting Andmore Emulator Plugin...
2019-09-09 09:08:23,517 [Worker-3] DEBUG class java.lang.Class - Andmore Emulator Plugin started.
2019-09-09 09:08:23,576 [Worker-3] DEBUG class java.lang.Class - Starting Andmore Handset Plugin...
2019-09-09 09:08:23,583 [Worker-3] DEBUG class java.lang.Class - Andmore Handset Plugin started.
2019-09-09 09:08:23,587 [Worker-3] DEBUG class java.lang.Class - Starting Andmore Remote Device Plugin...
2019-09-09 09:08:23,594 [Worker-3] DEBUG class java.lang.Class - Starting Andmore Remote Device Plugin started.
2019-09-09 09:08:23,607 [Worker-3] DEBUG class java.lang.Class - Starting Andmore Device Services Plugin...
2019-09-09 09:08:23,607 [Worker-3] DEBUG class java.lang.Class - Andmore Device Services Plugin started.
2019-09-09 09:08:23,762 [Instance Event Manager] INFO  Studio for Android - The android device instance status was updated: test Status: OFF
2019-09-09 09:08:23,774 [Instance Event Manager] INFO  Studio for Android - The android device instance status was updated: test1 Status: OFF
2019-09-09 09:08:23,783 [Instance Event Manager] INFO  Studio for Android - The android device instance status was updated: test Status: org.eclipse.andmore.android.emulator.status.notavailable
2019-09-09 09:08:23,783 [Instance Event Manager] INFO  Studio for Android - The android device instance status was updated: test1 Status: org.eclipse.andmore.android.emulator.status.notavailable
2019-09-09 09:08:48,947 [Worker-3] ERROR Studio for Android - Handler could not be instanced(PLUGIN=org.eclipse.sequoyah.device.framework;ERROR=202)
2019-09-09 09:08:48,956 [Worker-3] ERROR Studio for Android - Handler could not be instanced(PLUGIN=org.eclipse.sequoyah.device.framework;ERROR=202)
2019-09-09 09:08:48,956 [Worker-3] ERROR Studio for Android - Handler could not be instanced(PLUGIN=org.eclipse.sequoyah.device.framework;ERROR=202)
2019-09-09 09:08:48,956 [Worker-3] ERROR Studio for Android - Handler could not be instanced(PLUGIN=org.eclipse.sequoyah.device.framework;ERROR=202)
2019-09-09 09:08:48,961 [Worker-3] ERROR Studio for Android - Handler could not be instanced(PLUGIN=org.eclipse.sequoyah.device.framework;ERROR=202)
2019-09-09 09:08:48,961 [Worker-3] ERROR Studio for Android - Handler could not be instanced(PLUGIN=org.eclipse.sequoyah.device.framework;ERROR=202)
2019-09-09 09:08:48,961 [Worker-3] ERROR Studio for Android - Handler could not be instanced(PLUGIN=org.eclipse.sequoyah.device.framework;ERROR=202)
2019-09-09 09:08:48,961 [Worker-3] ERROR Studio for Android - Handler could not be instanced(PLUGIN=org.eclipse.sequoyah.device.framework;ERROR=202)
2019-09-09 09:08:48,968 [Worker-3] ERROR Studio for Android - Handler could not be instanced(PLUGIN=org.eclipse.sequoyah.device.framework;ERROR=202)
2019-09-09 09:08:48,969 [Worker-3] ERROR Studio for Android - Handler could not be instanced(PLUGIN=org.eclipse.sequoyah.device.framework;ERROR=202)
2019-09-09 09:08:48,969 [Worker-3] ERROR Studio for Android - Handler could not be instanced(PLUGIN=org.eclipse.sequoyah.device.framework;ERROR=202)
2019-09-09 09:08:48,969 [Worker-3] ERROR Studio for Android - Handler could not be instanced(PLUGIN=org.eclipse.sequoyah.device.framework;ERROR=202)
2019-09-09 09:08:48,969 [Worker-3] ERROR Studio for Android - Handler could not be instanced(PLUGIN=org.eclipse.sequoyah.device.framework;ERROR=202)
2019-09-09 09:08:48,969 [Worker-3] ERROR Studio for Android - Handler could not be instanced(PLUGIN=org.eclipse.sequoyah.device.framework;ERROR=202)
2019-09-09 09:08:48,969 [Worker-3] ERROR Studio for Android - Handler could not be instanced(PLUGIN=org.eclipse.sequoyah.device.framework;ERROR=202)
2019-09-09 09:08:48,969 [Worker-3] ERROR Studio for Android - Handler could not be instanced(PLUGIN=org.eclipse.sequoyah.device.framework;ERROR=202)
2019-09-09 09:08:48,969 [Worker-3] ERROR Studio for Android - Handler could not be instanced(PLUGIN=org.eclipse.sequoyah.device.framework;ERROR=202)
2019-09-09 09:08:48,970 [Worker-3] ERROR Studio for Android - Handler could not be instanced(PLUGIN=org.eclipse.sequoyah.device.framework;ERROR=202)
2019-09-09 09:08:48,970 [Worker-3] ERROR Studio for Android - Handler could not be instanced(PLUGIN=org.eclipse.sequoyah.device.framework;ERROR=202)
2019-09-09 09:08:48,970 [Worker-3] ERROR Studio for Android - Handler could not be instanced(PLUGIN=org.eclipse.sequoyah.device.framework;ERROR=202)
2019-09-09 09:08:48,970 [Worker-3] ERROR Studio for Android - Handler could not be instanced(PLUGIN=org.eclipse.sequoyah.device.framework;ERROR=202)
2019-09-09 09:08:48,970 [Worker-3] ERROR Studio for Android - Handler could not be instanced(PLUGIN=org.eclipse.sequoyah.device.framework;ERROR=202)
2019-09-09 09:08:48,970 [Worker-3] ERROR Studio for Android - Handler could not be instanced(PLUGIN=org.eclipse.sequoyah.device.framework;ERROR=202)
2019-09-09 09:08:48,970 [Worker-3] ERROR Studio for Android - Handler could not be instanced(PLUGIN=org.eclipse.sequoyah.device.framework;ERROR=202)
2019-09-09 09:08:48,970 [Worker-3] ERROR Studio for Android - Handler could not be instanced(PLUGIN=org.eclipse.sequoyah.device.framework;ERROR=202)
2019-09-09 09:08:48,980 [Worker-3] ERROR Studio for Android - Handler could not be instanced(PLUGIN=org.eclipse.sequoyah.device.framework;ERROR=202)
2019-09-09 09:08:48,991 [Worker-3] ERROR Studio for Android - Handler could not be instanced(PLUGIN=org.eclipse.sequoyah.device.framework;ERROR=202)
2019-09-09 09:08:48,991 [Worker-3] ERROR Studio for Android - Handler could not be instanced(PLUGIN=org.eclipse.sequoyah.device.framework;ERROR=202)
2019-09-09 09:08:48,991 [Worker-3] ERROR Studio for Android - Handler could not be instanced(PLUGIN=org.eclipse.sequoyah.device.framework;ERROR=202)
2019-09-09 09:08:48,991 [Worker-3] ERROR Studio for Android - Handler could not be instanced(PLUGIN=org.eclipse.sequoyah.device.framework;ERROR=202)
2019-09-09 09:08:48,992 [Worker-3] INFO  Studio for Android - [Status: id=org.eclipse.andmore.android.emulator.status.offline;name=Offline]
2019-09-09 09:08:48,992 [Worker-3] INFO  Studio for Android - [Status: id=org.eclipse.andmore.android.handset.status.handsetonline;name=Online]
2019-09-09 09:08:48,992 [Worker-3] INFO  Studio for Android - [Status: id=INACTIVE;name=INACTIVE]
2019-09-09 09:08:48,992 [Worker-3] INFO  Studio for Android - [Status: id=org.eclipse.andmore.android.emulator.status.notavailable;name=Not available]
2019-09-09 09:08:48,992 [Worker-3] INFO  Studio for Android - [Status: id=IDLE;name=IDLE]
2019-09-09 09:08:48,992 [Worker-3] INFO  Studio for Android - [Status: id=org.eclipse.andmore.android.remote.status.connected;name=Connected]
2019-09-09 09:08:48,992 [Worker-3] INFO  Studio for Android - [Status: id=org.eclipse.andmore.android.remote.status.disconnected;name=Disconnected]
2019-09-09 09:08:48,992 [Worker-3] INFO  Studio for Android - [Status: id=org.eclipse.andmore.android.emulator.status.online;name=Online]
2019-09-09 09:08:48,992 [Worker-3] INFO  Studio for Android - [Status: id=OFF;name=OFF]
2019-09-09 09:08:48,992 [Worker-3] INFO  Studio for Android - [Status: id=org.eclipse.andmore.android.emulator.status.offlineNoData;name=Offline (no user data)]
2019-09-09 09:14:38,960 [main] DEBUG class java.lang.Class - Starting Eclipse Andmore Database Core Plugin...
2019-09-09 09:14:39,153 [main] DEBUG Studio for Android - JDBC Driver Location:bundleentry://69.fwk280862192/res/androidjdbc.jar JDBC Driver getBundle().getLocation():reference:file:plugins/org.eclipse.andmore.android.common_0.5.0.201605181018.jar
2019-09-09 09:14:39,153 [main] DEBUG Studio for Android - JDBC Driver Path:/mnt/b2c7efbf-ef52-437d-8ca7-e46ea581cbba/Me/debfile/eclipse/configuration/org.eclipse.osgi/69/0/.cp/res/androidjdbc.jar
2019-09-09 09:14:39,153 [main] DEBUG Studio for Android - JDBC Driver Location:bundleentry://69.fwk280862192/res/androidjdbc.jar JDBC Driver getBundle().getLocation():reference:file:plugins/org.eclipse.andmore.android.common_0.5.0.201605181018.jar
2019-09-09 09:14:39,153 [main] DEBUG Studio for Android - JDBC Driver Path:/mnt/b2c7efbf-ef52-437d-8ca7-e46ea581cbba/Me/debfile/eclipse/configuration/org.eclipse.osgi/69/0/.cp/res/androidjdbc.jar
2019-09-09 09:14:39,202 [main] DEBUG class java.lang.Class - Eclipse Andmore Database Core Plugin started.
2019-09-09 09:14:39,202 [main] DEBUG class java.lang.Class - Starting Eclipse Andmore Database Devices Support Plugin...
2019-09-09 09:14:39,236 [main] DEBUG class java.lang.Class - Eclipse Andmore Database Devices Support Plugin started...
2019-09-09 09:14:40,677 [Framework stop] DEBUG Studio for Android - org.eclipse.sequoyah.device.service.start.StartServicePlugin-SHUTDOWN
2019-09-09 09:14:40,716 [Framework stop] DEBUG Studio for Android - org.eclipse.sequoyah.device.framework.ui.DeviceUIPlugin-SHUTDOWN
2019-09-09 09:14:40,717 [Framework stop] DEBUG Studio for Android - org.eclipse.sequoyah.device.service.stop.StopServicePlugin-SHUTDOWN
2019-09-09 09:14:40,717 [Framework stop] DEBUG Studio for Android - org.eclipse.sequoyah.device.framework.DevicePlugin-SHUTDOWN
2019-09-09 09:15:10,196 [Worker-3] DEBUG class java.lang.Class - Starting Andmore Common Plugin...
2019-09-09 09:15:10,196 [Worker-3] DEBUG class java.lang.Class - Andmore Common Plugin started.
2019-09-09 09:15:10,197 [Worker-3] DEBUG class java.lang.Class - Starting Andmore Plugin...
2019-09-09 09:15:10,231 [Worker-3] DEBUG class java.lang.Class - Andmore Plugin started.
2019-09-09 09:15:10,311 [Worker-3] DEBUG class java.lang.Class - Starting Andmore Emulator Plugin...
2019-09-09 09:15:10,332 [Worker-4] DEBUG class org.eclipse.andmore.android.AndroidPlugin - Notify SDK loader listeners
2019-09-09 09:15:10,413 [Worker-3] DEBUG class java.lang.Class - Starting Andmore Handset Plugin...
2019-09-09 09:15:10,454 [Worker-3] DEBUG class java.lang.Class - Andmore Handset Plugin started.
2019-09-09 09:15:10,478 [Worker-3] DEBUG class java.lang.Class - Starting Andmore Remote Device Plugin...
2019-09-09 09:15:10,486 [Worker-3] DEBUG class java.lang.Class - Starting Andmore Remote Device Plugin started.
2019-09-09 09:15:10,502 [Worker-3] DEBUG class java.lang.Class - Starting Andmore Device Services Plugin...
2019-09-09 09:15:10,502 [Worker-3] DEBUG class java.lang.Class - Andmore Device Services Plugin started.
2019-09-09 09:15:10,600 [Instance Event Manager] INFO  Studio for Android - The android device instance status was updated: test Status: OFF
2019-09-09 09:15:10,602 [Instance Event Manager] INFO  Studio for Android - The android device instance status was updated: test1 Status: OFF
2019-09-09 09:15:10,607 [Instance Event Manager] INFO  Studio for Android - The android device instance status was updated: test Status: org.eclipse.andmore.android.emulator.status.notavailable
2019-09-09 09:15:10,608 [Instance Event Manager] INFO  Studio for Android - The android device instance status was updated: test1 Status: org.eclipse.andmore.android.emulator.status.notavailable
2019-09-09 09:15:10,657 [Worker-3] DEBUG class java.lang.Class - Andmore Emulator Plugin started.
2019-09-09 09:15:31,393 [Worker-3] ERROR Studio for Android - Handler could not be instanced(PLUGIN=org.eclipse.sequoyah.device.framework;ERROR=202)
2019-09-09 09:15:31,402 [Worker-3] ERROR Studio for Android - Handler could not be instanced(PLUGIN=org.eclipse.sequoyah.device.framework;ERROR=202)
2019-09-09 09:15:31,402 [Worker-3] ERROR Studio for Android - Handler could not be instanced(PLUGIN=org.eclipse.sequoyah.device.framework;ERROR=202)
2019-09-09 09:15:31,402 [Worker-3] ERROR Studio for Android - Handler could not be instanced(PLUGIN=org.eclipse.sequoyah.device.framework;ERROR=202)
2019-09-09 09:15:31,402 [Worker-3] ERROR Studio for Android - Handler could not be instanced(PLUGIN=org.eclipse.sequoyah.device.framework;ERROR=202)
2019-09-09 09:15:31,402 [Worker-3] ERROR Studio for Android - Handler could not be instanced(PLUGIN=org.eclipse.sequoyah.device.framework;ERROR=202)
2019-09-09 09:15:31,402 [Worker-3] ERROR Studio for Android - Handler could not be instanced(PLUGIN=org.eclipse.sequoyah.device.framework;ERROR=202)
2019-09-09 09:15:31,404 [Worker-3] ERROR Studio for Android - Handler could not be instanced(PLUGIN=org.eclipse.sequoyah.device.framework;ERROR=202)
2019-09-09 09:15:31,404 [Worker-3] ERROR Studio for Android - Handler could not be instanced(PLUGIN=org.eclipse.sequoyah.device.framework;ERROR=202)
2019-09-09 09:15:31,404 [Worker-3] ERROR Studio for Android - Handler could not be instanced(PLUGIN=org.eclipse.sequoyah.device.framework;ERROR=202)
2019-09-09 09:15:31,404 [Worker-3] ERROR Studio for Android - Handler could not be instanced(PLUGIN=org.eclipse.sequoyah.device.framework;ERROR=202)
2019-09-09 09:15:31,404 [Worker-3] ERROR Studio for Android - Handler could not be instanced(PLUGIN=org.eclipse.sequoyah.device.framework;ERROR=202)
2019-09-09 09:15:31,404 [Worker-3] ERROR Studio for Android - Handler could not be instanced(PLUGIN=org.eclipse.sequoyah.device.framework;ERROR=202)
2019-09-09 09:15:31,404 [Worker-3] ERROR Studio for Android - Handler could not be instanced(PLUGIN=org.eclipse.sequoyah.device.framework;ERROR=202)
2019-09-09 09:15:31,404 [Worker-3] ERROR Studio for Android - Handler could not be instanced(PLUGIN=org.eclipse.sequoyah.device.framework;ERROR=202)
2019-09-09 09:15:31,404 [Worker-3] ERROR Studio for Android - Handler could not be instanced(PLUGIN=org.eclipse.sequoyah.device.framework;ERROR=202)
2019-09-09 09:15:31,405 [Worker-3] ERROR Studio for Android - Handler could not be instanced(PLUGIN=org.eclipse.sequoyah.device.framework;ERROR=202)
2019-09-09 09:15:31,408 [Worker-3] ERROR Studio for Android - Handler could not be instanced(PLUGIN=org.eclipse.sequoyah.device.framework;ERROR=202)
2019-09-09 09:15:31,408 [Worker-3] ERROR Studio for Android - Handler could not be instanced(PLUGIN=org.eclipse.sequoyah.device.framework;ERROR=202)
2019-09-09 09:15:31,408 [Worker-3] ERROR Studio for Android - Handler could not be instanced(PLUGIN=org.eclipse.sequoyah.device.framework;ERROR=202)
2019-09-09 09:15:31,408 [Worker-3] ERROR Studio for Android - Handler could not be instanced(PLUGIN=org.eclipse.sequoyah.device.framework;ERROR=202)
2019-09-09 09:15:31,409 [Worker-3] ERROR Studio for Android - Handler could not be instanced(PLUGIN=org.eclipse.sequoyah.device.framework;ERROR=202)
2019-09-09 09:15:31,409 [Worker-3] ERROR Studio for Android - Handler could not be instanced(PLUGIN=org.eclipse.sequoyah.device.framework;ERROR=202)
2019-09-09 09:15:31,411 [Worker-3] ERROR Studio for Android - Handler could not be instanced(PLUGIN=org.eclipse.sequoyah.device.framework;ERROR=202)
2019-09-09 09:15:31,412 [Worker-3] ERROR Studio for Android - Handler could not be instanced(PLUGIN=org.eclipse.sequoyah.device.framework;ERROR=202)
2019-09-09 09:15:31,412 [Worker-3] ERROR Studio for Android - Handler could not be instanced(PLUGIN=org.eclipse.sequoyah.device.framework;ERROR=202)
2019-09-09 09:15:31,412 [Worker-3] ERROR Studio for Android - Handler could not be instanced(PLUGIN=org.eclipse.sequoyah.device.framework;ERROR=202)
2019-09-09 09:15:31,412 [Worker-3] ERROR Studio for Android - Handler could not be instanced(PLUGIN=org.eclipse.sequoyah.device.framework;ERROR=202)
2019-09-09 09:15:31,412 [Worker-3] ERROR Studio for Android - Handler could not be instanced(PLUGIN=org.eclipse.sequoyah.device.framework;ERROR=202)
2019-09-09 09:15:31,412 [Worker-3] ERROR Studio for Android - Handler could not be instanced(PLUGIN=org.eclipse.sequoyah.device.framework;ERROR=202)
2019-09-09 09:15:31,412 [Worker-3] INFO  Studio for Android - [Status: id=org.eclipse.andmore.android.emulator.status.offline;name=Offline]
2019-09-09 09:15:31,412 [Worker-3] INFO  Studio for Android - [Status: id=org.eclipse.andmore.android.handset.status.handsetonline;name=Online]
2019-09-09 09:15:31,412 [Worker-3] INFO  Studio for Android - [Status: id=INACTIVE;name=INACTIVE]
2019-09-09 09:15:31,412 [Worker-3] INFO  Studio for Android - [Status: id=org.eclipse.andmore.android.emulator.status.notavailable;name=Not available]
2019-09-09 09:15:31,412 [Worker-3] INFO  Studio for Android - [Status: id=IDLE;name=IDLE]
2019-09-09 09:15:31,412 [Worker-3] INFO  Studio for Android - [Status: id=org.eclipse.andmore.android.remote.status.connected;name=Connected]
2019-09-09 09:15:31,412 [Worker-3] INFO  Studio for Android - [Status: id=org.eclipse.andmore.android.remote.status.disconnected;name=Disconnected]
2019-09-09 09:15:31,412 [Worker-3] INFO  Studio for Android - [Status: id=org.eclipse.andmore.android.emulator.status.online;name=Online]
2019-09-09 09:15:31,413 [Worker-3] INFO  Studio for Android - [Status: id=OFF;name=OFF]
2019-09-09 09:15:31,413 [Worker-3] INFO  Studio for Android - [Status: id=org.eclipse.andmore.android.emulator.status.offlineNoData;name=Offline (no user data)]
2019-09-09 09:16:18,409 [ModalContext] ERROR Studio for Android - org.eclipse.sequoyah.localization.tools.managers.LocalizationManager: Error getting Localization Schema
2019-09-09 09:16:18,409 [ModalContext] ERROR Studio for Android - org.eclipse.sequoyah.localization.tools.managers.LocalizationManager: Error getting Localization Schema
2019-09-09 09:16:18,409 [ModalContext] ERROR Studio for Android - org.eclipse.sequoyah.localization.tools.managers.LocalizationManager: Error getting Localization Schema
2019-09-09 09:16:18,409 [ModalContext] ERROR Studio for Android - org.eclipse.sequoyah.localization.tools.managers.LocalizationManager: Error getting Localization Schema
2019-09-09 09:16:18,409 [ModalContext] ERROR Studio for Android - org.eclipse.sequoyah.localization.tools.managers.LocalizationManager: Error getting Localization Schema
2019-09-09 09:16:18,409 [ModalContext] ERROR Studio for Android - org.eclipse.sequoyah.localization.tools.managers.LocalizationManager: Error getting Localization Schema
2019-09-09 09:16:18,409 [ModalContext] ERROR Studio for Android - org.eclipse.sequoyah.localization.tools.managers.LocalizationManager: Error getting Localization Schema
2019-09-09 09:16:18,409 [ModalContext] ERROR Studio for Android - org.eclipse.sequoyah.localization.tools.managers.LocalizationManager: Error getting Localization Schema
2019-09-09 09:16:18,409 [ModalContext] ERROR Studio for Android - org.eclipse.sequoyah.localization.tools.managers.LocalizationManager: Error getting Localization Schema
2019-09-09 09:16:18,409 [ModalContext] ERROR Studio for Android - org.eclipse.sequoyah.localization.tools.managers.LocalizationManager: Error getting Localization Schema
2019-09-09 09:16:18,409 [ModalContext] ERROR Studio for Android - org.eclipse.sequoyah.localization.tools.managers.LocalizationManager: Error getting Localization Schema
2019-09-09 09:16:18,409 [ModalContext] ERROR Studio for Android - org.eclipse.sequoyah.localization.tools.managers.LocalizationManager: Error getting Localization Schema
2019-09-09 09:16:18,409 [ModalContext] ERROR Studio for Android - org.eclipse.sequoyah.localization.tools.managers.LocalizationManager: Error getting Localization Schema
2019-09-09 09:16:18,409 [ModalContext] ERROR Studio for Android - org.eclipse.sequoyah.localization.tools.managers.LocalizationManager: Error getting Localization Schema
2019-09-09 09:16:18,409 [ModalContext] ERROR Studio for Android - org.eclipse.sequoyah.localization.tools.managers.LocalizationManager: Error getting Localization Schema
2019-09-09 09:16:18,409 [ModalContext] ERROR Studio for Android - org.eclipse.sequoyah.localization.tools.managers.LocalizationManager: Error getting Localization Schema
2019-09-09 09:16:18,410 [ModalContext] ERROR Studio for Android - org.eclipse.sequoyah.localization.tools.managers.LocalizationManager: Error getting Localization Schema
2019-09-09 09:16:18,410 [ModalContext] ERROR Studio for Android - org.eclipse.sequoyah.localization.tools.managers.LocalizationManager: Error getting Localization Schema
2019-09-09 09:16:18,410 [ModalContext] ERROR Studio for Android - org.eclipse.sequoyah.localization.tools.managers.LocalizationManager: Error getting Localization Schema
2019-09-09 09:16:18,410 [ModalContext] ERROR Studio for Android - org.eclipse.sequoyah.localization.tools.managers.LocalizationManager: Error getting Localization Schema
2019-09-09 09:16:18,410 [ModalContext] ERROR Studio for Android - org.eclipse.sequoyah.localization.tools.managers.LocalizationManager: Error getting Localization Schema
2019-09-09 09:16:18,410 [ModalContext] ERROR Studio for Android - org.eclipse.sequoyah.localization.tools.managers.LocalizationManager: Error getting Localization Schema
2019-09-09 09:16:18,410 [ModalContext] ERROR Studio for Android - org.eclipse.sequoyah.localization.tools.managers.LocalizationManager: Error getting Localization Schema
2019-09-09 09:16:18,410 [ModalContext] ERROR Studio for Android - org.eclipse.sequoyah.localization.tools.managers.LocalizationManager: Error getting Localization Schema
2019-09-09 09:16:18,410 [ModalContext] ERROR Studio for Android - org.eclipse.sequoyah.localization.tools.managers.LocalizationManager: Error getting Localization Schema
2019-09-09 09:16:18,410 [ModalContext] ERROR Studio for Android - org.eclipse.sequoyah.localization.tools.managers.LocalizationManager: Error getting Localization Schema
2019-09-09 09:16:18,410 [ModalContext] ERROR Studio for Android - org.eclipse.sequoyah.localization.tools.managers.LocalizationManager: Error getting Localization Schema
2019-09-09 09:16:18,410 [ModalContext] ERROR Studio for Android - org.eclipse.sequoyah.localization.tools.managers.LocalizationManager: Error getting Localization Schema
2019-09-09 09:16:18,410 [ModalContext] ERROR Studio for Android - org.eclipse.sequoyah.localization.tools.managers.LocalizationManager: Error getting Localization Schema
2019-09-09 09:16:18,410 [ModalContext] ERROR Studio for Android - org.eclipse.sequoyah.localization.tools.managers.LocalizationManager: Error getting Localization Schema
2019-09-09 09:16:18,410 [ModalContext] ERROR Studio for Android - org.eclipse.sequoyah.localization.tools.managers.LocalizationManager: Error getting Localization Schema
2019-09-09 09:16:18,410 [ModalContext] ERROR Studio for Android - org.eclipse.sequoyah.localization.tools.managers.LocalizationManager: Error getting Localization Schema
2019-09-09 09:16:18,410 [ModalContext] ERROR Studio for Android - org.eclipse.sequoyah.localization.tools.managers.LocalizationManager: Error getting Localization Schema
2019-09-09 09:16:18,410 [ModalContext] ERROR Studio for Android - org.eclipse.sequoyah.localization.tools.managers.LocalizationManager: Error getting Localization Schema
2019-09-09 09:16:18,410 [ModalContext] ERROR Studio for Android - org.eclipse.sequoyah.localization.tools.managers.LocalizationManager: Error getting Localization Schema
2019-09-09 09:16:18,410 [ModalContext] ERROR Studio for Android - org.eclipse.sequoyah.localization.tools.managers.LocalizationManager: Error getting Localization Schema
2019-09-09 09:16:18,410 [ModalContext] ERROR Studio for Android - org.eclipse.sequoyah.localization.tools.managers.LocalizationManager: Error getting Localization Schema
2019-09-09 09:16:18,410 [ModalContext] ERROR Studio for Android - org.eclipse.sequoyah.localization.tools.managers.LocalizationManager: Error getting Localization Schema
2019-09-09 09:16:18,410 [ModalContext] ERROR Studio for Android - org.eclipse.sequoyah.localization.tools.managers.LocalizationManager: Error getting Localization Schema
2019-09-09 09:16:18,410 [ModalContext] ERROR Studio for Android - org.eclipse.sequoyah.localization.tools.managers.LocalizationManager: Error getting Localization Schema
2019-09-09 09:16:36,294 [main] ERROR class org.eclipse.andmore.android.obfuscate.ObfuscatorManager - Error while setting Proguard to obfuscate
java.io.FileNotFoundException: /mnt/b2c7efbf-ef52-437d-8ca7-e46ea581cbba/Me/Kuliah/materikuliah/Semester 5/android/eclipse-kepler/koloterorita1/default.properties (No such file or directory)
	at java.io.FileInputStream.open0(Native Method)
	at java.io.FileInputStream.open(FileInputStream.java:195)
	at java.io.FileInputStream.<init>(FileInputStream.java:138)
	at org.eclipse.andmore.android.obfuscate.ObfuscatorManager.read(ObfuscatorManager.java:174)
	at org.eclipse.andmore.android.obfuscate.ObfuscatorManager.addProguardLine(ObfuscatorManager.java:242)
	at org.eclipse.andmore.android.obfuscate.ObfuscatorManager.obfuscate(ObfuscatorManager.java:86)
	at org.eclipse.andmore.android.wizards.project.NewAndroidProjectWizard$DoSave.run(NewAndroidProjectWizard.java:334)
	at org.eclipse.jface.operation.ModalContext.runInCurrentThread(ModalContext.java:437)
	at org.eclipse.jface.operation.ModalContext.run(ModalContext.java:353)
	at org.eclipse.jface.wizard.WizardDialog.run(WizardDialog.java:993)
	at org.eclipse.andmore.android.wizards.project.NewAndroidProjectWizard.performFinish(NewAndroidProjectWizard.java:108)
	at org.eclipse.jface.wizard.WizardDialog.finishPressed(WizardDialog.java:790)
	at org.eclipse.jface.wizard.WizardDialog.buttonPressed(WizardDialog.java:423)
	at org.eclipse.jface.dialogs.Dialog$2.widgetSelected(Dialog.java:618)
	at org.eclipse.swt.widgets.TypedListener.handleEvent(TypedListener.java:249)
	at org.eclipse.swt.widgets.EventTable.sendEvent(EventTable.java:84)
	at org.eclipse.swt.widgets.Display.sendEvent(Display.java:5227)
	at org.eclipse.swt.widgets.Widget.sendEvent(Widget.java:1340)
	at org.eclipse.swt.widgets.Display.runDeferredEvents(Display.java:4561)
	at org.eclipse.swt.widgets.Display.readAndDispatch(Display.java:4151)
	at org.eclipse.jface.window.Window.runEventLoop(Window.java:818)
	at org.eclipse.jface.window.Window.open(Window.java:794)
	at org.eclipse.ui.internal.actions.NewWizardShortcutAction.run(NewWizardShortcutAction.java:133)
	at org.eclipse.jface.action.Action.runWithEvent(Action.java:473)
	at org.eclipse.jface.action.ActionContributionItem.handleWidgetSelection(ActionContributionItem.java:565)
	at org.eclipse.jface.action.ActionContributionItem.lambda$4(ActionContributionItem.java:397)
	at org.eclipse.swt.widgets.EventTable.sendEvent(EventTable.java:84)
	at org.eclipse.swt.widgets.Display.sendEvent(Display.java:5227)
	at org.eclipse.swt.widgets.Widget.sendEvent(Widget.java:1340)
	at org.eclipse.swt.widgets.Display.runDeferredEvents(Display.java:4561)
	at org.eclipse.swt.widgets.Display.readAndDispatch(Display.java:4151)
	at org.eclipse.e4.ui.internal.workbench.swt.PartRenderingEngine$4.run(PartRenderingEngine.java:1121)
	at org.eclipse.core.databinding.observable.Realm.runWithDefault(Realm.java:336)
	at org.eclipse.e4.ui.internal.workbench.swt.PartRenderingEngine.run(PartRenderingEngine.java:1022)
	at org.eclipse.e4.ui.internal.workbench.E4Workbench.createAndRunUI(E4Workbench.java:150)
	at org.eclipse.ui.internal.Workbench$5.run(Workbench.java:693)
	at org.eclipse.core.databinding.observable.Realm.runWithDefault(Realm.java:336)
	at org.eclipse.ui.internal.Workbench.createAndRunWorkbench(Workbench.java:610)
	at org.eclipse.ui.PlatformUI.createAndRunWorkbench(PlatformUI.java:148)
	at org.eclipse.ui.internal.ide.application.IDEApplication.start(IDEApplication.java:138)
	at org.eclipse.equinox.internal.app.EclipseAppHandle.run(EclipseAppHandle.java:196)
	at org.eclipse.core.runtime.internal.adaptor.EclipseAppLauncher.runApplication(EclipseAppLauncher.java:134)
	at org.eclipse.core.runtime.internal.adaptor.EclipseAppLauncher.start(EclipseAppLauncher.java:104)
	at org.eclipse.core.runtime.adaptor.EclipseStarter.run(EclipseStarter.java:388)
	at org.eclipse.core.runtime.adaptor.EclipseStarter.run(EclipseStarter.java:243)
	at sun.reflect.NativeMethodAccessorImpl.invoke0(Native Method)
	at sun.reflect.NativeMethodAccessorImpl.invoke(NativeMethodAccessorImpl.java:62)
	at sun.reflect.DelegatingMethodAccessorImpl.invoke(DelegatingMethodAccessorImpl.java:43)
	at java.lang.reflect.Method.invoke(Method.java:498)
	at org.eclipse.equinox.launcher.Main.invokeFramework(Main.java:673)
	at org.eclipse.equinox.launcher.Main.basicRun(Main.java:610)
	at org.eclipse.equinox.launcher.Main.run(Main.java:1519)
	at org.eclipse.equinox.launcher.Main.main(Main.java:1492)
2019-09-09 09:19:38,484 [Worker-7] DEBUG class java.lang.Class - Starting Andmore Launch Plugin...
2019-09-09 09:19:38,484 [Worker-7] DEBUG class java.lang.Class - Andmore Launch Plugin started.
2019-09-09 09:21:47,719 [main] DEBUG class java.lang.Class - Starting Eclipse Andmore Database Core Plugin...
2019-09-09 09:21:47,817 [main] DEBUG Studio for Android - JDBC Driver Location:bundleentry://69.fwk280862192/res/androidjdbc.jar JDBC Driver getBundle().getLocation():reference:file:plugins/org.eclipse.andmore.android.common_0.5.0.201605181018.jar
2019-09-09 09:21:47,818 [main] DEBUG Studio for Android - JDBC Driver Path:/mnt/b2c7efbf-ef52-437d-8ca7-e46ea581cbba/Me/debfile/eclipse/configuration/org.eclipse.osgi/69/0/.cp/res/androidjdbc.jar
2019-09-09 09:21:47,818 [main] DEBUG Studio for Android - JDBC Driver Location:bundleentry://69.fwk280862192/res/androidjdbc.jar JDBC Driver getBundle().getLocation():reference:file:plugins/org.eclipse.andmore.android.common_0.5.0.201605181018.jar
2019-09-09 09:21:47,818 [main] DEBUG Studio for Android - JDBC Driver Path:/mnt/b2c7efbf-ef52-437d-8ca7-e46ea581cbba/Me/debfile/eclipse/configuration/org.eclipse.osgi/69/0/.cp/res/androidjdbc.jar
2019-09-09 09:21:47,834 [main] DEBUG class java.lang.Class - Eclipse Andmore Database Core Plugin started.
2019-09-09 09:21:47,835 [main] DEBUG class java.lang.Class - Starting Eclipse Andmore Database Devices Support Plugin...
2019-09-09 09:21:47,840 [main] DEBUG class java.lang.Class - Eclipse Andmore Database Devices Support Plugin started...
2019-09-09 09:21:49,007 [Framework stop] DEBUG Studio for Android - org.eclipse.sequoyah.device.service.start.StartServicePlugin-SHUTDOWN
2019-09-09 09:21:49,073 [Framework stop] DEBUG Studio for Android - org.eclipse.sequoyah.device.framework.ui.DeviceUIPlugin-SHUTDOWN
2019-09-09 09:21:49,073 [Framework stop] DEBUG Studio for Android - org.eclipse.sequoyah.device.service.stop.StopServicePlugin-SHUTDOWN
2019-09-09 09:21:49,073 [Framework stop] DEBUG Studio for Android - org.eclipse.sequoyah.device.framework.DevicePlugin-SHUTDOWN
2019-09-09 09:23:15,007 [Worker-5] DEBUG class java.lang.Class - Starting Andmore Common Plugin...
2019-09-09 09:23:15,007 [Worker-5] DEBUG class java.lang.Class - Andmore Common Plugin started.
2019-09-09 09:23:15,007 [Worker-5] DEBUG class java.lang.Class - Starting Andmore Plugin...
2019-09-09 09:23:15,015 [Worker-5] DEBUG class java.lang.Class - Andmore Plugin started.
2019-09-09 09:23:15,063 [Worker-5] DEBUG class java.lang.Class - Starting Andmore Emulator Plugin...
2019-09-09 09:23:15,110 [Worker-5] DEBUG class java.lang.Class - Andmore Emulator Plugin started.
2019-09-09 09:23:15,174 [Worker-5] DEBUG class java.lang.Class - Starting Andmore Handset Plugin...
2019-09-09 09:23:15,174 [Worker-5] DEBUG class java.lang.Class - Andmore Handset Plugin started.
2019-09-09 09:23:15,180 [Worker-5] DEBUG class java.lang.Class - Starting Andmore Remote Device Plugin...
2019-09-09 09:23:15,182 [Worker-5] DEBUG class java.lang.Class - Starting Andmore Remote Device Plugin started.
2019-09-09 09:23:15,199 [Worker-5] DEBUG class java.lang.Class - Starting Andmore Device Services Plugin...
2019-09-09 09:23:15,199 [Worker-5] DEBUG class java.lang.Class - Andmore Device Services Plugin started.
2019-09-09 09:23:15,402 [Instance Event Manager] INFO  Studio for Android - The android device instance status was updated: test Status: OFF
2019-09-09 09:23:15,416 [Instance Event Manager] INFO  Studio for Android - The android device instance status was updated: test1 Status: OFF
2019-09-09 09:23:15,429 [Instance Event Manager] INFO  Studio for Android - The android device instance status was updated: test Status: org.eclipse.andmore.android.emulator.status.notavailable
2019-09-09 09:23:15,429 [Instance Event Manager] INFO  Studio for Android - The android device instance status was updated: test1 Status: org.eclipse.andmore.android.emulator.status.notavailable
2019-09-09 09:23:31,571 [Worker-5] ERROR Studio for Android - Handler could not be instanced(PLUGIN=org.eclipse.sequoyah.device.framework;ERROR=202)
2019-09-09 09:23:31,573 [Worker-5] ERROR Studio for Android - Handler could not be instanced(PLUGIN=org.eclipse.sequoyah.device.framework;ERROR=202)
2019-09-09 09:23:31,573 [Worker-5] ERROR Studio for Android - Handler could not be instanced(PLUGIN=org.eclipse.sequoyah.device.framework;ERROR=202)
2019-09-09 09:23:31,574 [Worker-5] ERROR Studio for Android - Handler could not be instanced(PLUGIN=org.eclipse.sequoyah.device.framework;ERROR=202)
2019-09-09 09:23:31,576 [Worker-5] ERROR Studio for Android - Handler could not be instanced(PLUGIN=org.eclipse.sequoyah.device.framework;ERROR=202)
2019-09-09 09:23:31,576 [Worker-5] ERROR Studio for Android - Handler could not be instanced(PLUGIN=org.eclipse.sequoyah.device.framework;ERROR=202)
2019-09-09 09:23:31,576 [Worker-5] ERROR Studio for Android - Handler could not be instanced(PLUGIN=org.eclipse.sequoyah.device.framework;ERROR=202)
2019-09-09 09:23:31,576 [Worker-5] ERROR Studio for Android - Handler could not be instanced(PLUGIN=org.eclipse.sequoyah.device.framework;ERROR=202)
2019-09-09 09:23:31,577 [Worker-5] ERROR Studio for Android - Handler could not be instanced(PLUGIN=org.eclipse.sequoyah.device.framework;ERROR=202)
2019-09-09 09:23:31,577 [Worker-5] ERROR Studio for Android - Handler could not be instanced(PLUGIN=org.eclipse.sequoyah.device.framework;ERROR=202)
2019-09-09 09:23:31,577 [Worker-5] ERROR Studio for Android - Handler could not be instanced(PLUGIN=org.eclipse.sequoyah.device.framework;ERROR=202)
2019-09-09 09:23:31,577 [Worker-5] ERROR Studio for Android - Handler could not be instanced(PLUGIN=org.eclipse.sequoyah.device.framework;ERROR=202)
2019-09-09 09:23:31,577 [Worker-5] ERROR Studio for Android - Handler could not be instanced(PLUGIN=org.eclipse.sequoyah.device.framework;ERROR=202)
2019-09-09 09:23:31,577 [Worker-5] ERROR Studio for Android - Handler could not be instanced(PLUGIN=org.eclipse.sequoyah.device.framework;ERROR=202)
2019-09-09 09:23:31,577 [Worker-5] ERROR Studio for Android - Handler could not be instanced(PLUGIN=org.eclipse.sequoyah.device.framework;ERROR=202)
2019-09-09 09:23:31,577 [Worker-5] ERROR Studio for Android - Handler could not be instanced(PLUGIN=org.eclipse.sequoyah.device.framework;ERROR=202)
2019-09-09 09:23:31,577 [Worker-5] ERROR Studio for Android - Handler could not be instanced(PLUGIN=org.eclipse.sequoyah.device.framework;ERROR=202)
2019-09-09 09:23:31,578 [Worker-5] ERROR Studio for Android - Handler could not be instanced(PLUGIN=org.eclipse.sequoyah.device.framework;ERROR=202)
2019-09-09 09:23:31,578 [Worker-5] ERROR Studio for Android - Handler could not be instanced(PLUGIN=org.eclipse.sequoyah.device.framework;ERROR=202)
2019-09-09 09:23:31,578 [Worker-5] ERROR Studio for Android - Handler could not be instanced(PLUGIN=org.eclipse.sequoyah.device.framework;ERROR=202)
2019-09-09 09:23:31,578 [Worker-5] ERROR Studio for Android - Handler could not be instanced(PLUGIN=org.eclipse.sequoyah.device.framework;ERROR=202)
2019-09-09 09:23:31,578 [Worker-5] ERROR Studio for Android - Handler could not be instanced(PLUGIN=org.eclipse.sequoyah.device.framework;ERROR=202)
2019-09-09 09:23:31,578 [Worker-5] ERROR Studio for Android - Handler could not be instanced(PLUGIN=org.eclipse.sequoyah.device.framework;ERROR=202)
2019-09-09 09:23:31,578 [Worker-5] ERROR Studio for Android - Handler could not be instanced(PLUGIN=org.eclipse.sequoyah.device.framework;ERROR=202)
2019-09-09 09:23:31,578 [Worker-5] ERROR Studio for Android - Handler could not be instanced(PLUGIN=org.eclipse.sequoyah.device.framework;ERROR=202)
2019-09-09 09:23:31,578 [Worker-5] ERROR Studio for Android - Handler could not be instanced(PLUGIN=org.eclipse.sequoyah.device.framework;ERROR=202)
2019-09-09 09:23:31,578 [Worker-5] ERROR Studio for Android - Handler could not be instanced(PLUGIN=org.eclipse.sequoyah.device.framework;ERROR=202)
2019-09-09 09:23:31,579 [Worker-5] ERROR Studio for Android - Handler could not be instanced(PLUGIN=org.eclipse.sequoyah.device.framework;ERROR=202)
2019-09-09 09:23:31,579 [Worker-5] ERROR Studio for Android - Handler could not be instanced(PLUGIN=org.eclipse.sequoyah.device.framework;ERROR=202)
2019-09-09 09:23:31,579 [Worker-5] ERROR Studio for Android - Handler could not be instanced(PLUGIN=org.eclipse.sequoyah.device.framework;ERROR=202)
2019-09-09 09:23:31,581 [Worker-5] INFO  Studio for Android - [Status: id=org.eclipse.andmore.android.emulator.status.offline;name=Offline]
2019-09-09 09:23:31,581 [Worker-5] INFO  Studio for Android - [Status: id=org.eclipse.andmore.android.handset.status.handsetonline;name=Online]
2019-09-09 09:23:31,581 [Worker-5] INFO  Studio for Android - [Status: id=INACTIVE;name=INACTIVE]
2019-09-09 09:23:31,581 [Worker-5] INFO  Studio for Android - [Status: id=org.eclipse.andmore.android.emulator.status.notavailable;name=Not available]
2019-09-09 09:23:31,581 [Worker-5] INFO  Studio for Android - [Status: id=IDLE;name=IDLE]
2019-09-09 09:23:31,581 [Worker-5] INFO  Studio for Android - [Status: id=org.eclipse.andmore.android.remote.status.connected;name=Connected]
2019-09-09 09:23:31,581 [Worker-5] INFO  Studio for Android - [Status: id=org.eclipse.andmore.android.remote.status.disconnected;name=Disconnected]
2019-09-09 09:23:31,581 [Worker-5] INFO  Studio for Android - [Status: id=org.eclipse.andmore.android.emulator.status.online;name=Online]
2019-09-09 09:23:31,581 [Worker-5] INFO  Studio for Android - [Status: id=OFF;name=OFF]
2019-09-09 09:23:31,582 [Worker-5] INFO  Studio for Android - [Status: id=org.eclipse.andmore.android.emulator.status.offlineNoData;name=Offline (no user data)]
2019-09-09 09:24:45,662 [Worker-4] DEBUG class org.eclipse.andmore.android.AndroidPlugin - Notify SDK loader listeners
2019-09-09 09:25:05,707 [main] DEBUG class java.lang.Class - Starting Eclipse Andmore Database Core Plugin...
2019-09-09 09:25:05,741 [main] DEBUG Studio for Android - JDBC Driver Location:bundleentry://69.fwk280862192/res/androidjdbc.jar JDBC Driver getBundle().getLocation():reference:file:plugins/org.eclipse.andmore.android.common_0.5.0.201605181018.jar
2019-09-09 09:25:05,741 [main] DEBUG Studio for Android - JDBC Driver Path:/mnt/b2c7efbf-ef52-437d-8ca7-e46ea581cbba/Me/debfile/eclipse/configuration/org.eclipse.osgi/69/0/.cp/res/androidjdbc.jar
2019-09-09 09:25:05,741 [main] DEBUG Studio for Android - JDBC Driver Location:bundleentry://69.fwk280862192/res/androidjdbc.jar JDBC Driver getBundle().getLocation():reference:file:plugins/org.eclipse.andmore.android.common_0.5.0.201605181018.jar
2019-09-09 09:25:05,741 [main] DEBUG Studio for Android - JDBC Driver Path:/mnt/b2c7efbf-ef52-437d-8ca7-e46ea581cbba/Me/debfile/eclipse/configuration/org.eclipse.osgi/69/0/.cp/res/androidjdbc.jar
2019-09-09 09:25:05,749 [main] DEBUG class java.lang.Class - Eclipse Andmore Database Core Plugin started.
2019-09-09 09:25:05,749 [main] DEBUG class java.lang.Class - Starting Eclipse Andmore Database Devices Support Plugin...
2019-09-09 09:25:05,751 [main] DEBUG class java.lang.Class - Eclipse Andmore Database Devices Support Plugin started...
2019-09-09 09:25:10,347 [main] DEBUG class java.lang.Class - Starting Eclipse Andmore Translation Plugin...
2019-09-09 09:25:10,348 [main] DEBUG class java.lang.Class - Eclipse Andmore Translation Plugin started.
2019-09-09 09:26:16,105 [main] DEBUG class java.lang.Class - Starting Andmore Code Utils Plugin...
2019-09-09 09:26:16,105 [main] DEBUG class java.lang.Class - Andmore Code Utils Plugin started.
2019-09-09 09:26:16,287 [main] ERROR class org.eclipse.andmore.android.codeutils.wizards.DatabaseManagementClassesCreationMainPage - Database Management classes generation error
Java Model Exception: Java Model Status [test does not exist]
	at org.eclipse.jdt.internal.core.JavaElement.newJavaModelException(JavaElement.java:566)
	at org.eclipse.jdt.internal.core.Openable.generateInfos(Openable.java:247)
	at org.eclipse.jdt.internal.core.JavaElement.openWhenClosed(JavaElement.java:579)
	at org.eclipse.jdt.internal.core.JavaElement.getElementInfo(JavaElement.java:316)
	at org.eclipse.jdt.internal.core.JavaElement.getElementInfo(JavaElement.java:302)
	at org.eclipse.jdt.internal.core.JavaElement.getChildren(JavaElement.java:257)
	at org.eclipse.jdt.internal.core.JavaProject.getPackageFragmentRoots(JavaProject.java:1850)
	at org.eclipse.andmore.android.codeutils.wizards.DatabaseManagementClassesCreationMainPage.updateProject(DatabaseManagementClassesCreationMainPage.java:1032)
	at org.eclipse.andmore.android.codeutils.wizards.DatabaseManagementClassesCreationMainPage.<init>(DatabaseManagementClassesCreationMainPage.java:371)
	at org.eclipse.andmore.android.codeutils.wizards.DatabaseManagementClassesCreationWizard.<init>(DatabaseManagementClassesCreationWizard.java:152)
	at org.eclipse.andmore.android.db.core.ui.action.CreateDatabaseManagementClassesAction.openDialogBasedOnResourceSelected(CreateDatabaseManagementClassesAction.java:113)
	at org.eclipse.andmore.android.db.core.ui.action.CreateDatabaseManagementClassesAction.run(CreateDatabaseManagementClassesAction.java:90)
	at org.eclipse.andmore.android.db.core.command.CreateDatabaseManagementClassesHandler.execute(CreateDatabaseManagementClassesHandler.java:165)
	at org.eclipse.ui.internal.handlers.HandlerProxy.execute(HandlerProxy.java:295)
	at org.eclipse.ui.internal.handlers.E4HandlerProxy.execute(E4HandlerProxy.java:90)
	at sun.reflect.NativeMethodAccessorImpl.invoke0(Native Method)
	at sun.reflect.NativeMethodAccessorImpl.invoke(NativeMethodAccessorImpl.java:62)
	at sun.reflect.DelegatingMethodAccessorImpl.invoke(DelegatingMethodAccessorImpl.java:43)
	at java.lang.reflect.Method.invoke(Method.java:498)
	at org.eclipse.e4.core.internal.di.MethodRequestor.execute(MethodRequestor.java:55)
	at org.eclipse.e4.core.internal.di.InjectorImpl.invokeUsingClass(InjectorImpl.java:282)
	at org.eclipse.e4.core.internal.di.InjectorImpl.invoke(InjectorImpl.java:264)
	at org.eclipse.e4.core.contexts.ContextInjectionFactory.invoke(ContextInjectionFactory.java:132)
	at org.eclipse.e4.core.commands.internal.HandlerServiceHandler.execute(HandlerServiceHandler.java:152)
	at org.eclipse.core.commands.Command.executeWithChecks(Command.java:494)
	at org.eclipse.core.commands.ParameterizedCommand.executeWithChecks(ParameterizedCommand.java:488)
	at org.eclipse.e4.core.commands.internal.HandlerServiceImpl.executeHandler(HandlerServiceImpl.java:210)
	at org.eclipse.e4.ui.workbench.renderers.swt.HandledContributionItem.executeItem(HandledContributionItem.java:433)
	at org.eclipse.e4.ui.workbench.renderers.swt.AbstractContributionItem.handleWidgetSelection(AbstractContributionItem.java:454)
	at org.eclipse.e4.ui.workbench.renderers.swt.AbstractContributionItem$3.handleEvent(AbstractContributionItem.java:482)
	at org.eclipse.swt.widgets.EventTable.sendEvent(EventTable.java:84)
	at org.eclipse.swt.widgets.Display.sendEvent(Display.java:5227)
	at org.eclipse.swt.widgets.Widget.sendEvent(Widget.java:1340)
	at org.eclipse.swt.widgets.Display.runDeferredEvents(Display.java:4561)
	at org.eclipse.swt.widgets.Display.readAndDispatch(Display.java:4151)
	at org.eclipse.e4.ui.internal.workbench.swt.PartRenderingEngine$4.run(PartRenderingEngine.java:1121)
	at org.eclipse.core.databinding.observable.Realm.runWithDefault(Realm.java:336)
	at org.eclipse.e4.ui.internal.workbench.swt.PartRenderingEngine.run(PartRenderingEngine.java:1022)
	at org.eclipse.e4.ui.internal.workbench.E4Workbench.createAndRunUI(E4Workbench.java:150)
	at org.eclipse.ui.internal.Workbench$5.run(Workbench.java:693)
	at org.eclipse.core.databinding.observable.Realm.runWithDefault(Realm.java:336)
	at org.eclipse.ui.internal.Workbench.createAndRunWorkbench(Workbench.java:610)
	at org.eclipse.ui.PlatformUI.createAndRunWorkbench(PlatformUI.java:148)
	at org.eclipse.ui.internal.ide.application.IDEApplication.start(IDEApplication.java:138)
	at org.eclipse.equinox.internal.app.EclipseAppHandle.run(EclipseAppHandle.java:196)
	at org.eclipse.core.runtime.internal.adaptor.EclipseAppLauncher.runApplication(EclipseAppLauncher.java:134)
	at org.eclipse.core.runtime.internal.adaptor.EclipseAppLauncher.start(EclipseAppLauncher.java:104)
	at org.eclipse.core.runtime.adaptor.EclipseStarter.run(EclipseStarter.java:388)
	at org.eclipse.core.runtime.adaptor.EclipseStarter.run(EclipseStarter.java:243)
	at sun.reflect.NativeMethodAccessorImpl.invoke0(Native Method)
	at sun.reflect.NativeMethodAccessorImpl.invoke(NativeMethodAccessorImpl.java:62)
	at sun.reflect.DelegatingMethodAccessorImpl.invoke(DelegatingMethodAccessorImpl.java:43)
	at java.lang.reflect.Method.invoke(Method.java:498)
	at org.eclipse.equinox.launcher.Main.invokeFramework(Main.java:673)
	at org.eclipse.equinox.launcher.Main.basicRun(Main.java:610)
	at org.eclipse.equinox.launcher.Main.run(Main.java:1519)
	at org.eclipse.equinox.launcher.Main.main(Main.java:1492)
2019-09-09 09:26:19,882 [main] ERROR class org.eclipse.andmore.android.codeutils.wizards.SourcePackageChooserPartWizard - Database Management classes generation error
Java Model Exception: Java Model Status [test does not exist]
	at org.eclipse.jdt.internal.core.JavaElement.newJavaModelException(JavaElement.java:566)
	at org.eclipse.jdt.internal.core.Openable.generateInfos(Openable.java:247)
	at org.eclipse.jdt.internal.core.JavaElement.openWhenClosed(JavaElement.java:579)
	at org.eclipse.jdt.internal.core.JavaElement.getElementInfo(JavaElement.java:316)
	at org.eclipse.jdt.internal.core.JavaElement.getElementInfo(JavaElement.java:302)
	at org.eclipse.jdt.internal.core.JavaElement.getChildren(JavaElement.java:257)
	at org.eclipse.jdt.internal.core.JavaProject.getPackageFragmentRoots(JavaProject.java:1850)
	at org.eclipse.andmore.android.codeutils.wizards.SourcePackageChooserPartWizard.<init>(SourcePackageChooserPartWizard.java:108)
	at org.eclipse.andmore.android.codeutils.wizards.DatabaseManagementClassesCreationMainPage.createContentProviderSession(DatabaseManagementClassesCreationMainPage.java:583)
	at org.eclipse.andmore.android.codeutils.wizards.DatabaseManagementClassesCreationMainPage.createControl(DatabaseManagementClassesCreationMainPage.java:440)
	at org.eclipse.jface.wizard.Wizard.createPageControls(Wizard.java:175)
	at org.eclipse.jface.wizard.WizardDialog.createPageControls(WizardDialog.java:696)
	at org.eclipse.jface.wizard.WizardDialog.createContents(WizardDialog.java:588)
	at org.eclipse.jface.window.Window.create(Window.java:426)
	at org.eclipse.jface.dialogs.Dialog.create(Dialog.java:1095)
	at org.eclipse.jface.window.Window.open(Window.java:783)
	at org.eclipse.andmore.android.db.core.ui.action.CreateDatabaseManagementClassesAction.openDialogBasedOnResourceSelected(CreateDatabaseManagementClassesAction.java:121)
	at org.eclipse.andmore.android.db.core.ui.action.CreateDatabaseManagementClassesAction.run(CreateDatabaseManagementClassesAction.java:90)
	at org.eclipse.andmore.android.db.core.command.CreateDatabaseManagementClassesHandler.execute(CreateDatabaseManagementClassesHandler.java:165)
	at org.eclipse.ui.internal.handlers.HandlerProxy.execute(HandlerProxy.java:295)
	at org.eclipse.ui.internal.handlers.E4HandlerProxy.execute(E4HandlerProxy.java:90)
	at sun.reflect.NativeMethodAccessorImpl.invoke0(Native Method)
	at sun.reflect.NativeMethodAccessorImpl.invoke(NativeMethodAccessorImpl.java:62)
	at sun.reflect.DelegatingMethodAccessorImpl.invoke(DelegatingMethodAccessorImpl.java:43)
	at java.lang.reflect.Method.invoke(Method.java:498)
	at org.eclipse.e4.core.internal.di.MethodRequestor.execute(MethodRequestor.java:55)
	at org.eclipse.e4.core.internal.di.InjectorImpl.invokeUsingClass(InjectorImpl.java:282)
	at org.eclipse.e4.core.internal.di.InjectorImpl.invoke(InjectorImpl.java:264)
	at org.eclipse.e4.core.contexts.ContextInjectionFactory.invoke(ContextInjectionFactory.java:132)
	at org.eclipse.e4.core.commands.internal.HandlerServiceHandler.execute(HandlerServiceHandler.java:152)
	at org.eclipse.core.commands.Command.executeWithChecks(Command.java:494)
	at org.eclipse.core.commands.ParameterizedCommand.executeWithChecks(ParameterizedCommand.java:488)
	at org.eclipse.e4.core.commands.internal.HandlerServiceImpl.executeHandler(HandlerServiceImpl.java:210)
	at org.eclipse.e4.ui.workbench.renderers.swt.HandledContributionItem.executeItem(HandledContributionItem.java:433)
	at org.eclipse.e4.ui.workbench.renderers.swt.AbstractContributionItem.handleWidgetSelection(AbstractContributionItem.java:454)
	at org.eclipse.e4.ui.workbench.renderers.swt.AbstractContributionItem$3.handleEvent(AbstractContributionItem.java:482)
	at org.eclipse.swt.widgets.EventTable.sendEvent(EventTable.java:84)
	at org.eclipse.swt.widgets.Display.sendEvent(Display.java:5227)
	at org.eclipse.swt.widgets.Widget.sendEvent(Widget.java:1340)
	at org.eclipse.swt.widgets.Display.runDeferredEvents(Display.java:4561)
	at org.eclipse.swt.widgets.Display.readAndDispatch(Display.java:4151)
	at org.eclipse.e4.ui.internal.workbench.swt.PartRenderingEngine$4.run(PartRenderingEngine.java:1121)
	at org.eclipse.core.databinding.observable.Realm.runWithDefault(Realm.java:336)
	at org.eclipse.e4.ui.internal.workbench.swt.PartRenderingEngine.run(PartRenderingEngine.java:1022)
	at org.eclipse.e4.ui.internal.workbench.E4Workbench.createAndRunUI(E4Workbench.java:150)
	at org.eclipse.ui.internal.Workbench$5.run(Workbench.java:693)
	at org.eclipse.core.databinding.observable.Realm.runWithDefault(Realm.java:336)
	at org.eclipse.ui.internal.Workbench.createAndRunWorkbench(Workbench.java:610)
	at org.eclipse.ui.PlatformUI.createAndRunWorkbench(PlatformUI.java:148)
	at org.eclipse.ui.internal.ide.application.IDEApplication.start(IDEApplication.java:138)
	at org.eclipse.equinox.internal.app.EclipseAppHandle.run(EclipseAppHandle.java:196)
	at org.eclipse.core.runtime.internal.adaptor.EclipseAppLauncher.runApplication(EclipseAppLauncher.java:134)
	at org.eclipse.core.runtime.internal.adaptor.EclipseAppLauncher.start(EclipseAppLauncher.java:104)
	at org.eclipse.core.runtime.adaptor.EclipseStarter.run(EclipseStarter.java:388)
	at org.eclipse.core.runtime.adaptor.EclipseStarter.run(EclipseStarter.java:243)
	at sun.reflect.NativeMethodAccessorImpl.invoke0(Native Method)
	at sun.reflect.NativeMethodAccessorImpl.invoke(NativeMethodAccessorImpl.java:62)
	at sun.reflect.DelegatingMethodAccessorImpl.invoke(DelegatingMethodAccessorImpl.java:43)
	at java.lang.reflect.Method.invoke(Method.java:498)
	at org.eclipse.equinox.launcher.Main.invokeFramework(Main.java:673)
	at org.eclipse.equinox.launcher.Main.basicRun(Main.java:610)
	at org.eclipse.equinox.launcher.Main.run(Main.java:1519)
	at org.eclipse.equinox.launcher.Main.main(Main.java:1492)
2019-09-09 09:26:21,469 [main] ERROR class org.eclipse.andmore.android.codeutils.wizards.DatabaseManagementClassesCreationMainPage$ProjectChooserModifyListener - Database Management classes generation error
Java Model Exception: Java Model Status [test does not exist]
	at org.eclipse.jdt.internal.core.JavaElement.newJavaModelException(JavaElement.java:566)
	at org.eclipse.jdt.internal.core.Openable.generateInfos(Openable.java:247)
	at org.eclipse.jdt.internal.core.JavaElement.openWhenClosed(JavaElement.java:579)
	at org.eclipse.jdt.internal.core.JavaElement.getElementInfo(JavaElement.java:316)
	at org.eclipse.jdt.internal.core.JavaElement.getElementInfo(JavaElement.java:302)
	at org.eclipse.jdt.internal.core.JavaElement.getChildren(JavaElement.java:257)
	at org.eclipse.jdt.internal.core.JavaProject.getPackageFragmentRoots(JavaProject.java:1850)
	at org.eclipse.andmore.android.codeutils.wizards.DatabaseManagementClassesCreationMainPage.updateProject(DatabaseManagementClassesCreationMainPage.java:1032)
	at org.eclipse.andmore.android.codeutils.wizards.DatabaseManagementClassesCreationMainPage.access$3(DatabaseManagementClassesCreationMainPage.java:1016)
	at org.eclipse.andmore.android.codeutils.wizards.DatabaseManagementClassesCreationMainPage$ProjectChooserModifyListener.modifyText(DatabaseManagementClassesCreationMainPage.java:99)
	at org.eclipse.swt.widgets.TypedListener.handleEvent(TypedListener.java:180)
	at org.eclipse.swt.widgets.EventTable.sendEvent(EventTable.java:84)
	at org.eclipse.swt.widgets.Display.sendEvent(Display.java:5227)
	at org.eclipse.swt.widgets.Widget.sendEvent(Widget.java:1340)
	at org.eclipse.swt.widgets.Widget.sendEvent(Widget.java:1366)
	at org.eclipse.swt.widgets.Widget.sendEvent(Widget.java:1345)
	at org.eclipse.swt.widgets.Text.setText(Text.java:2682)
	at org.eclipse.swt.widgets.Text.setText(Text.java:2608)
	at org.eclipse.andmore.android.wizards.elements.ProjectChooser.setText(ProjectChooser.java:102)
	at org.eclipse.andmore.android.codeutils.wizards.DatabaseManagementClassesCreationMainPage.createControl(DatabaseManagementClassesCreationMainPage.java:463)
	at org.eclipse.jface.wizard.Wizard.createPageControls(Wizard.java:175)
	at org.eclipse.jface.wizard.WizardDialog.createPageControls(WizardDialog.java:696)
	at org.eclipse.jface.wizard.WizardDialog.createContents(WizardDialog.java:588)
	at org.eclipse.jface.window.Window.create(Window.java:426)
	at org.eclipse.jface.dialogs.Dialog.create(Dialog.java:1095)
	at org.eclipse.jface.window.Window.open(Window.java:783)
	at org.eclipse.andmore.android.db.core.ui.action.CreateDatabaseManagementClassesAction.openDialogBasedOnResourceSelected(CreateDatabaseManagementClassesAction.java:121)
	at org.eclipse.andmore.android.db.core.ui.action.CreateDatabaseManagementClassesAction.run(CreateDatabaseManagementClassesAction.java:90)
	at org.eclipse.andmore.android.db.core.command.CreateDatabaseManagementClassesHandler.execute(CreateDatabaseManagementClassesHandler.java:165)
	at org.eclipse.ui.internal.handlers.HandlerProxy.execute(HandlerProxy.java:295)
	at org.eclipse.ui.internal.handlers.E4HandlerProxy.execute(E4HandlerProxy.java:90)
	at sun.reflect.NativeMethodAccessorImpl.invoke0(Native Method)
	at sun.reflect.NativeMethodAccessorImpl.invoke(NativeMethodAccessorImpl.java:62)
	at sun.reflect.DelegatingMethodAccessorImpl.invoke(DelegatingMethodAccessorImpl.java:43)
	at java.lang.reflect.Method.invoke(Method.java:498)
	at org.eclipse.e4.core.internal.di.MethodRequestor.execute(MethodRequestor.java:55)
	at org.eclipse.e4.core.internal.di.InjectorImpl.invokeUsingClass(InjectorImpl.java:282)
	at org.eclipse.e4.core.internal.di.InjectorImpl.invoke(InjectorImpl.java:264)
	at org.eclipse.e4.core.contexts.ContextInjectionFactory.invoke(ContextInjectionFactory.java:132)
	at org.eclipse.e4.core.commands.internal.HandlerServiceHandler.execute(HandlerServiceHandler.java:152)
	at org.eclipse.core.commands.Command.executeWithChecks(Command.java:494)
	at org.eclipse.core.commands.ParameterizedCommand.executeWithChecks(ParameterizedCommand.java:488)
	at org.eclipse.e4.core.commands.internal.HandlerServiceImpl.executeHandler(HandlerServiceImpl.java:210)
	at org.eclipse.e4.ui.workbench.renderers.swt.HandledContributionItem.executeItem(HandledContributionItem.java:433)
	at org.eclipse.e4.ui.workbench.renderers.swt.AbstractContributionItem.handleWidgetSelection(AbstractContributionItem.java:454)
	at org.eclipse.e4.ui.workbench.renderers.swt.AbstractContributionItem$3.handleEvent(AbstractContributionItem.java:482)
	at org.eclipse.swt.widgets.EventTable.sendEvent(EventTable.java:84)
	at org.eclipse.swt.widgets.Display.sendEvent(Display.java:5227)
	at org.eclipse.swt.widgets.Widget.sendEvent(Widget.java:1340)
	at org.eclipse.swt.widgets.Display.runDeferredEvents(Display.java:4561)
	at org.eclipse.swt.widgets.Display.readAndDispatch(Display.java:4151)
	at org.eclipse.e4.ui.internal.workbench.swt.PartRenderingEngine$4.run(PartRenderingEngine.java:1121)
	at org.eclipse.core.databinding.observable.Realm.runWithDefault(Realm.java:336)
	at org.eclipse.e4.ui.internal.workbench.swt.PartRenderingEngine.run(PartRenderingEngine.java:1022)
	at org.eclipse.e4.ui.internal.workbench.E4Workbench.createAndRunUI(E4Workbench.java:150)
	at org.eclipse.ui.internal.Workbench$5.run(Workbench.java:693)
	at org.eclipse.core.databinding.observable.Realm.runWithDefault(Realm.java:336)
	at org.eclipse.ui.internal.Workbench.createAndRunWorkbench(Workbench.java:610)
	at org.eclipse.ui.PlatformUI.createAndRunWorkbench(PlatformUI.java:148)
	at org.eclipse.ui.internal.ide.application.IDEApplication.start(IDEApplication.java:138)
	at org.eclipse.equinox.internal.app.EclipseAppHandle.run(EclipseAppHandle.java:196)
	at org.eclipse.core.runtime.internal.adaptor.EclipseAppLauncher.runApplication(EclipseAppLauncher.java:134)
	at org.eclipse.core.runtime.internal.adaptor.EclipseAppLauncher.start(EclipseAppLauncher.java:104)
	at org.eclipse.core.runtime.adaptor.EclipseStarter.run(EclipseStarter.java:388)
	at org.eclipse.core.runtime.adaptor.EclipseStarter.run(EclipseStarter.java:243)
	at sun.reflect.NativeMethodAccessorImpl.invoke0(Native Method)
	at sun.reflect.NativeMethodAccessorImpl.invoke(NativeMethodAccessorImpl.java:62)
	at sun.reflect.DelegatingMethodAccessorImpl.invoke(DelegatingMethodAccessorImpl.java:43)
	at java.lang.reflect.Method.invoke(Method.java:498)
	at org.eclipse.equinox.launcher.Main.invokeFramework(Main.java:673)
	at org.eclipse.equinox.launcher.Main.basicRun(Main.java:610)
	at org.eclipse.equinox.launcher.Main.run(Main.java:1519)
	at org.eclipse.equinox.launcher.Main.main(Main.java:1492)
2019-09-09 09:30:40,469 [Framework stop] DEBUG Studio for Android - org.eclipse.sequoyah.device.service.start.StartServicePlugin-SHUTDOWN
2019-09-09 09:30:40,603 [Framework stop] DEBUG Studio for Android - org.eclipse.sequoyah.device.framework.ui.DeviceUIPlugin-SHUTDOWN
2019-09-09 09:30:40,604 [Framework stop] DEBUG Studio for Android - org.eclipse.sequoyah.device.service.stop.StopServicePlugin-SHUTDOWN
2019-09-09 09:30:40,604 [Framework stop] DEBUG Studio for Android - org.eclipse.sequoyah.device.framework.DevicePlugin-SHUTDOWN
