2018-12-17 21:23:48.576 ERROR <init of LucidDB Streaming Loader.0 (Thread-46)> [/mnt/b2c7efbf-ef52-437d-8ca7-e46ea581cbba/Kuliah/materikuliah/Semester3/BasisDataLanjut/kolo/data-integration/samples/transformations/luciddb - update example1.ktr]  
Error occurred while trying to connect to the database

Error connecting to database: (using class org.luciddb.jdbc.LucidDbClientDriver)
Connection refused (Connection refused)


2018-12-17 21:23:48.578 ERROR <init of LucidDB Streaming Loader.0 (Thread-46)> [/mnt/b2c7efbf-ef52-437d-8ca7-e46ea581cbba/Kuliah/materikuliah/Semester3/BasisDataLanjut/kolo/data-integration/samples/transformations/luciddb - update example1.ktr]  Error initializing step [LucidDB Streaming Loader]
2018-12-17 21:23:48.578 ERROR <main> [/mnt/b2c7efbf-ef52-437d-8ca7-e46ea581cbba/Kuliah/materikuliah/Semester3/BasisDataLanjut/kolo/data-integration/samples/transformations/luciddb - update example1.ktr]  Step [LucidDB Streaming Loader.0] failed to initialize!
2018-12-17 21:26:45.717 ERROR <init of RFC_FUNCTION_SEARCH.0 (Thread-46)> [/mnt/b2c7efbf-ef52-437d-8ca7-e46ea581cbba/Kuliah/materikuliah/Semester3/BasisDataLanjut/kolo/data-integration/samples/transformations/SAP Input Basic.ktr]  An error occurred while connecting to SAP ERP, processing will be stopped:
2018-12-17 21:26:45.726 ERROR <init of RFC_FUNCTION_SEARCH.0 (Thread-46)> [/mnt/b2c7efbf-ef52-437d-8ca7-e46ea581cbba/Kuliah/materikuliah/Semester3/BasisDataLanjut/kolo/data-integration/samples/transformations/SAP Input Basic.ktr]  org.pentaho.di.trans.steps.sapinput.sap.SAPException: 
The SAP JCo library (e.g. sapjco3.jar) does not exist. Please copy it to your libext directory!

	at org.pentaho.di.trans.steps.sapinput.sap.SAPConnectionFactory.create(SAPConnectionFactory.java:39)
	at org.pentaho.di.trans.steps.sapinput.SapInput.init(SapInput.java:179)
	at org.pentaho.di.trans.step.StepInitThread.run(StepInitThread.java:69)
	at java.lang.Thread.run(Thread.java:748)

2018-12-17 21:26:45.733 ERROR <init of RFC_FUNCTION_SEARCH.0 (Thread-46)> [/mnt/b2c7efbf-ef52-437d-8ca7-e46ea581cbba/Kuliah/materikuliah/Semester3/BasisDataLanjut/kolo/data-integration/samples/transformations/SAP Input Basic.ktr]  Error initializing step [RFC_FUNCTION_SEARCH]
2018-12-17 21:26:45.766 ERROR <init of BAPI_BILLINGDOC_GETLIST.0 (Thread-49)> [/mnt/b2c7efbf-ef52-437d-8ca7-e46ea581cbba/Kuliah/materikuliah/Semester3/BasisDataLanjut/kolo/data-integration/samples/transformations/SAP Input Basic.ktr]  An error occurred while connecting to SAP ERP, processing will be stopped:
2018-12-17 21:26:45.785 ERROR <init of BAPI_BILLINGDOC_GETLIST.0 (Thread-49)> [/mnt/b2c7efbf-ef52-437d-8ca7-e46ea581cbba/Kuliah/materikuliah/Semester3/BasisDataLanjut/kolo/data-integration/samples/transformations/SAP Input Basic.ktr]  org.pentaho.di.trans.steps.sapinput.sap.SAPException: 
The SAP JCo library (e.g. sapjco3.jar) does not exist. Please copy it to your libext directory!

	at org.pentaho.di.trans.steps.sapinput.sap.SAPConnectionFactory.create(SAPConnectionFactory.java:39)
	at org.pentaho.di.trans.steps.sapinput.SapInput.init(SapInput.java:179)
	at org.pentaho.di.trans.step.StepInitThread.run(StepInitThread.java:69)
	at java.lang.Thread.run(Thread.java:748)

2018-12-17 21:26:45.789 ERROR <init of BAPI_BILLINGDOC_GETLIST.0 (Thread-49)> [/mnt/b2c7efbf-ef52-437d-8ca7-e46ea581cbba/Kuliah/materikuliah/Semester3/BasisDataLanjut/kolo/data-integration/samples/transformations/SAP Input Basic.ktr]  Error initializing step [BAPI_BILLINGDOC_GETLIST]
2018-12-17 21:26:45.794 ERROR <init of BAPI_BILLINGDOC_GETDETAIL.0 (Thread-52)> [/mnt/b2c7efbf-ef52-437d-8ca7-e46ea581cbba/Kuliah/materikuliah/Semester3/BasisDataLanjut/kolo/data-integration/samples/transformations/SAP Input Basic.ktr]  An error occurred while connecting to SAP ERP, processing will be stopped:
2018-12-17 21:26:45.810 ERROR <init of BAPI_BILLINGDOC_GETDETAIL.0 (Thread-52)> [/mnt/b2c7efbf-ef52-437d-8ca7-e46ea581cbba/Kuliah/materikuliah/Semester3/BasisDataLanjut/kolo/data-integration/samples/transformations/SAP Input Basic.ktr]  org.pentaho.di.trans.steps.sapinput.sap.SAPException: 
The SAP JCo library (e.g. sapjco3.jar) does not exist. Please copy it to your libext directory!

	at org.pentaho.di.trans.steps.sapinput.sap.SAPConnectionFactory.create(SAPConnectionFactory.java:39)
	at org.pentaho.di.trans.steps.sapinput.SapInput.init(SapInput.java:179)
	at org.pentaho.di.trans.step.StepInitThread.run(StepInitThread.java:69)
	at java.lang.Thread.run(Thread.java:748)

2018-12-17 21:26:45.810 ERROR <init of BAPI_BILLINGDOC_GETDETAIL.0 (Thread-52)> [/mnt/b2c7efbf-ef52-437d-8ca7-e46ea581cbba/Kuliah/materikuliah/Semester3/BasisDataLanjut/kolo/data-integration/samples/transformations/SAP Input Basic.ktr]  Error initializing step [BAPI_BILLINGDOC_GETDETAIL]
2018-12-17 21:26:45.848 ERROR <main> [/mnt/b2c7efbf-ef52-437d-8ca7-e46ea581cbba/Kuliah/materikuliah/Semester3/BasisDataLanjut/kolo/data-integration/samples/transformations/SAP Input Basic.ktr]  Step [RFC_FUNCTION_SEARCH.0] failed to initialize!
2018-12-17 21:26:45.848 ERROR <main> [/mnt/b2c7efbf-ef52-437d-8ca7-e46ea581cbba/Kuliah/materikuliah/Semester3/BasisDataLanjut/kolo/data-integration/samples/transformations/SAP Input Basic.ktr]  Step [BAPI_BILLINGDOC_GETLIST.0] failed to initialize!
2018-12-17 21:26:45.849 ERROR <main> [/mnt/b2c7efbf-ef52-437d-8ca7-e46ea581cbba/Kuliah/materikuliah/Semester3/BasisDataLanjut/kolo/data-integration/samples/transformations/SAP Input Basic.ktr]  Step [BAPI_BILLINGDOC_GETDETAIL.0] failed to initialize!
2018-12-17 21:28:03.786 ERROR <main> [/mnt/b2c7efbf-ef52-437d-8ca7-e46ea581cbba/Kuliah/materikuliah/Semester3/BasisDataLanjut/kolo/data-integration/samples/transformations/User Defined Java Class - Real-time search on Twitter.ktr]  Error initializing UserDefinedJavaClass:
2018-12-17 21:28:03.788 ERROR <main> [/mnt/b2c7efbf-ef52-437d-8ca7-e46ea581cbba/Kuliah/materikuliah/Semester3/BasisDataLanjut/kolo/data-integration/samples/transformations/User Defined Java Class - Real-time search on Twitter.ktr]  org.codehaus.commons.compiler.CompileException: Line 20, Column 12: Cannot determine simple type name "Status"

2018-12-17 21:28:03.817 ERROR <init of Get Twitter Search results.0 (Thread-46)> [/mnt/b2c7efbf-ef52-437d-8ca7-e46ea581cbba/Kuliah/materikuliah/Semester3/BasisDataLanjut/kolo/data-integration/samples/transformations/User Defined Java Class - Real-time search on Twitter.ktr]  Error initializing step [Get Twitter Search results]
2018-12-17 21:28:03.830 ERROR <init of pentaho_tweets.0 (Thread-47)> [/mnt/b2c7efbf-ef52-437d-8ca7-e46ea581cbba/Kuliah/materikuliah/Semester3/BasisDataLanjut/kolo/data-integration/samples/transformations/User Defined Java Class - Real-time search on Twitter.ktr]  Database connection is missing for step [pentaho_tweets]!
2018-12-17 21:28:03.831 ERROR <init of pentaho_tweets.0 (Thread-47)> [/mnt/b2c7efbf-ef52-437d-8ca7-e46ea581cbba/Kuliah/materikuliah/Semester3/BasisDataLanjut/kolo/data-integration/samples/transformations/User Defined Java Class - Real-time search on Twitter.ktr]  Error initializing step [pentaho_tweets]
2018-12-17 21:28:03.831 ERROR <main> [/mnt/b2c7efbf-ef52-437d-8ca7-e46ea581cbba/Kuliah/materikuliah/Semester3/BasisDataLanjut/kolo/data-integration/samples/transformations/User Defined Java Class - Real-time search on Twitter.ktr]  Step [Get Twitter Search results.0] failed to initialize!
2018-12-17 21:28:03.831 ERROR <main> [/mnt/b2c7efbf-ef52-437d-8ca7-e46ea581cbba/Kuliah/materikuliah/Semester3/BasisDataLanjut/kolo/data-integration/samples/transformations/User Defined Java Class - Real-time search on Twitter.ktr]  Step [pentaho_tweets.0] failed to initialize!
2018-12-17 21:29:01.684 ERROR <init of LucidDB Streaming Loader.0 (Thread-46)> [/mnt/b2c7efbf-ef52-437d-8ca7-e46ea581cbba/Kuliah/materikuliah/Semester3/BasisDataLanjut/kolo/data-integration/samples/transformations/luciddb - custom example1.ktr]  
Error occurred while trying to connect to the database

Error connecting to database: (using class org.luciddb.jdbc.LucidDbClientDriver)
Connection refused (Connection refused)


2018-12-17 21:29:01.685 ERROR <init of LucidDB Streaming Loader.0 (Thread-46)> [/mnt/b2c7efbf-ef52-437d-8ca7-e46ea581cbba/Kuliah/materikuliah/Semester3/BasisDataLanjut/kolo/data-integration/samples/transformations/luciddb - custom example1.ktr]  Error initializing step [LucidDB Streaming Loader]
2018-12-17 21:29:01.687 ERROR <main> [/mnt/b2c7efbf-ef52-437d-8ca7-e46ea581cbba/Kuliah/materikuliah/Semester3/BasisDataLanjut/kolo/data-integration/samples/transformations/luciddb - custom example1.ktr]  Step [LucidDB Streaming Loader.0] failed to initialize!
2018-12-17 21:36:15.860 ERROR <Simple concat mapping - Mapping input specification> [/mnt/b2c7efbf-ef52-437d-8ca7-e46ea581cbba/Kuliah/materikuliah/Semester3/BasisDataLanjut/kolo/data-integration/samples/transformations/mapping/Mapping - simple mapping.ktr]  Unexpected error
2018-12-17 21:36:15.861 ERROR <Simple concat mapping - Mapping input specification> [/mnt/b2c7efbf-ef52-437d-8ca7-e46ea581cbba/Kuliah/materikuliah/Semester3/BasisDataLanjut/kolo/data-integration/samples/transformations/mapping/Mapping - simple mapping.ktr]  org.pentaho.di.core.exception.KettleException: 
Unable to connect with parent transformation after 60 seconds.

	at org.pentaho.di.trans.steps.mappinginput.MappingInput.processRow(MappingInput.java:88)
	at org.pentaho.di.trans.step.RunThread.run(RunThread.java:62)
	at java.lang.Thread.run(Thread.java:748)

2018-12-17 21:36:15.881 WARN  <Simple concat mapping - Mapping input specification> [/mnt/b2c7efbf-ef52-437d-8ca7-e46ea581cbba/Kuliah/materikuliah/Semester3/BasisDataLanjut/kolo/data-integration/samples/transformations/mapping/Mapping - simple mapping.ktr]  Transformation detected one or more steps with errors.
2018-12-17 21:36:15.882 WARN  <Simple concat mapping - Mapping input specification> [/mnt/b2c7efbf-ef52-437d-8ca7-e46ea581cbba/Kuliah/materikuliah/Semester3/BasisDataLanjut/kolo/data-integration/samples/transformations/mapping/Mapping - simple mapping.ktr]  Transformation is killing the other steps!
2018-12-17 21:39:38.111 WARN  <Thread-50> [/mnt/b2c7efbf-ef52-437d-8ca7-e46ea581cbba/Kuliah/materikuliah/Semester3/BasisDataLanjut/kolo/data-integration/samples/transformations/Execute a job in a transformation.ktr  file:///mnt/b2c7efbf-ef52-437d-8ca7-e46ea581cbba/Kuliah/materikuliah/Semester3/BasisDataLanjut/kolo/data-integration/samples/transformations/../jobs/evaluate-result-rows/Evaluate result rows.kjb]  Start of job execution
2018-12-17 21:39:38.721 WARN  <Thread-50> [/mnt/b2c7efbf-ef52-437d-8ca7-e46ea581cbba/Kuliah/materikuliah/Semester3/BasisDataLanjut/kolo/data-integration/samples/transformations/Execute a job in a transformation.ktr  file:///mnt/b2c7efbf-ef52-437d-8ca7-e46ea581cbba/Kuliah/materikuliah/Semester3/BasisDataLanjut/kolo/data-integration/samples/transformations/../jobs/evaluate-result-rows/Evaluate result rows.kjb]  Job execution finished
2018-12-17 21:41:53.268 WARN  <Excel Input - XLS - XLSX - ODS reading - Abort> [/mnt/b2c7efbf-ef52-437d-8ca7-e46ea581cbba/Kuliah/materikuliah/Semester3/BasisDataLanjut/kolo/data-integration/samples/transformations/Excel Input - XLS - XLSX - ODS reading.ktr]  Seen row nr 1 : [One], [2010/09/07 00:00:00.000], [75.0], [Y], [75.0]
2018-12-17 21:41:53.269 WARN  <Excel Input - XLS - XLSX - ODS reading - Abort> [/mnt/b2c7efbf-ef52-437d-8ca7-e46ea581cbba/Kuliah/materikuliah/Semester3/BasisDataLanjut/kolo/data-integration/samples/transformations/Excel Input - XLS - XLSX - ODS reading.ktr]  Seen row nr 2 : [Three], [2010/09/09 00:00:00.000], [93.0], [Y], [210.0]
2018-12-17 21:41:53.269 WARN  <Excel Input - XLS - XLSX - ODS reading - Abort> [/mnt/b2c7efbf-ef52-437d-8ca7-e46ea581cbba/Kuliah/materikuliah/Semester3/BasisDataLanjut/kolo/data-integration/samples/transformations/Excel Input - XLS - XLSX - ODS reading.ktr]  Seen row nr 3 : [Two], [2010/09/08 00:00:00.000], [42.0], [N], [117.0]
2018-12-17 22:01:30.521 ERROR <init of Generate Rows.0 (Thread-44)> [/mnt/b2c7efbf-ef52-437d-8ca7-e46ea581cbba/Kuliah/materikuliah/Semester3/BasisDataLanjut/kolo/data-integration/samples/transformations/data-generator/Generate customer data.ktr]  Unable to parse the number of rows to generate (or set to negative number)
2018-12-17 22:01:30.524 ERROR <init of Generate Rows.0 (Thread-44)> [/mnt/b2c7efbf-ef52-437d-8ca7-e46ea581cbba/Kuliah/materikuliah/Semester3/BasisDataLanjut/kolo/data-integration/samples/transformations/data-generator/Generate customer data.ktr]  Error initializing step [Generate Rows]
2018-12-17 22:01:30.949 ERROR <main> [/mnt/b2c7efbf-ef52-437d-8ca7-e46ea581cbba/Kuliah/materikuliah/Semester3/BasisDataLanjut/kolo/data-integration/samples/transformations/data-generator/Generate customer data.ktr]  Step [Generate Rows.0] failed to initialize!
2018-12-17 22:05:26.500 ERROR <init of CSV file input.0 (Thread-45)> [/mnt/b2c7efbf-ef52-437d-8ca7-e46ea581cbba/Kuliah/materikuliah/Semester3/BasisDataLanjut/kolo/data-integration/samples/transformations/meta-inject/read_csv_file.ktr]  No filename is specified to read from!
2018-12-17 22:05:26.503 ERROR <init of CSV file input.0 (Thread-45)> [/mnt/b2c7efbf-ef52-437d-8ca7-e46ea581cbba/Kuliah/materikuliah/Semester3/BasisDataLanjut/kolo/data-integration/samples/transformations/meta-inject/read_csv_file.ktr]  Error initializing step [CSV file input]
2018-12-17 22:05:26.522 ERROR <init of Select values.0 (Thread-46)> [/mnt/b2c7efbf-ef52-437d-8ca7-e46ea581cbba/Kuliah/materikuliah/Semester3/BasisDataLanjut/kolo/data-integration/samples/transformations/meta-inject/read_csv_file.ktr]  At least one of select, remove or meta screens should contain data.
2018-12-17 22:05:26.523 ERROR <init of Select values.0 (Thread-46)> [/mnt/b2c7efbf-ef52-437d-8ca7-e46ea581cbba/Kuliah/materikuliah/Semester3/BasisDataLanjut/kolo/data-integration/samples/transformations/meta-inject/read_csv_file.ktr]  Error initializing step [Select values]
2018-12-17 22:05:28.310 ERROR <main> [/mnt/b2c7efbf-ef52-437d-8ca7-e46ea581cbba/Kuliah/materikuliah/Semester3/BasisDataLanjut/kolo/data-integration/samples/transformations/meta-inject/read_csv_file.ktr]  Step [CSV file input.0] failed to initialize!
2018-12-17 22:05:28.311 ERROR <main> [/mnt/b2c7efbf-ef52-437d-8ca7-e46ea581cbba/Kuliah/materikuliah/Semester3/BasisDataLanjut/kolo/data-integration/samples/transformations/meta-inject/read_csv_file.ktr]  Step [Select values.0] failed to initialize!
2018-12-17 22:10:04.201 ERROR <Export Repository - Export Repository> [/mnt/b2c7efbf-ef52-437d-8ca7-e46ea581cbba/Kuliah/materikuliah/Semester3/BasisDataLanjut/kolo/data-integration/samples/transformations/Repository Export.ktr]  Unexpected error
2018-12-17 22:10:04.204 ERROR <Export Repository - Export Repository> [/mnt/b2c7efbf-ef52-437d-8ca7-e46ea581cbba/Kuliah/materikuliah/Semester3/BasisDataLanjut/kolo/data-integration/samples/transformations/Repository Export.ktr]  org.pentaho.di.core.exception.KettleValueException: 
Javascript error: 
TypeError: Cannot call method "getExporter" of null (script#4)

	at org.pentaho.di.trans.steps.scriptvalues_mod.ScriptValuesMod.addValues(ScriptValuesMod.java:475)
	at org.pentaho.di.trans.steps.scriptvalues_mod.ScriptValuesMod.processRow(ScriptValuesMod.java:547)
	at org.pentaho.di.trans.step.RunThread.run(RunThread.java:62)
	at java.lang.Thread.run(Thread.java:748)
Caused by: org.mozilla.javascript.EcmaError: TypeError: Cannot call method "getExporter" of null (script#4)
	at org.mozilla.javascript.ScriptRuntime.constructError(ScriptRuntime.java:3785)
	at org.mozilla.javascript.ScriptRuntime.constructError(ScriptRuntime.java:3763)
	at org.mozilla.javascript.ScriptRuntime.typeError(ScriptRuntime.java:3791)
	at org.mozilla.javascript.ScriptRuntime.typeError2(ScriptRuntime.java:3810)
	at org.mozilla.javascript.ScriptRuntime.undefCallError(ScriptRuntime.java:3829)
	at org.mozilla.javascript.ScriptRuntime.getPropFunctionAndThisHelper(ScriptRuntime.java:2334)
	at org.mozilla.javascript.ScriptRuntime.getPropFunctionAndThis(ScriptRuntime.java:2327)
	at org.mozilla.javascript.optimizer.OptRuntime.callProp0(OptRuntime.java:117)
	at org.mozilla.javascript.gen.script_1._c_script_0(script:4)
	at org.mozilla.javascript.gen.script_1.call(script)
	at org.mozilla.javascript.ContextFactory.doTopCall(ContextFactory.java:426)
	at org.mozilla.javascript.ScriptRuntime.doTopCall(ScriptRuntime.java:3178)
	at org.mozilla.javascript.gen.script_1.call(script)
	at org.mozilla.javascript.gen.script_1.exec(script)
	at org.pentaho.di.trans.steps.scriptvalues_mod.ScriptValuesMod.addValues(ScriptValuesMod.java:388)
	... 3 more

2018-12-17 22:10:04.248 WARN  <Export Repository - Export Repository> [/mnt/b2c7efbf-ef52-437d-8ca7-e46ea581cbba/Kuliah/materikuliah/Semester3/BasisDataLanjut/kolo/data-integration/samples/transformations/Repository Export.ktr]  Transformation detected one or more steps with errors.
2018-12-17 22:10:04.256 WARN  <Export Repository - Export Repository> [/mnt/b2c7efbf-ef52-437d-8ca7-e46ea581cbba/Kuliah/materikuliah/Semester3/BasisDataLanjut/kolo/data-integration/samples/transformations/Repository Export.ktr]  Transformation is killing the other steps!
2018-12-17 22:15:45.523 ERROR <init of LucidDB Streaming Loader.0 (Thread-46)> [/mnt/b2c7efbf-ef52-437d-8ca7-e46ea581cbba/Kuliah/materikuliah/Semester3/BasisDataLanjut/kolo/data-integration/samples/transformations/luciddb - merge example1.ktr]  
Error occurred while trying to connect to the database

Error connecting to database: (using class org.luciddb.jdbc.LucidDbClientDriver)
Connection refused (Connection refused)


2018-12-17 22:15:45.534 ERROR <init of LucidDB Streaming Loader.0 (Thread-46)> [/mnt/b2c7efbf-ef52-437d-8ca7-e46ea581cbba/Kuliah/materikuliah/Semester3/BasisDataLanjut/kolo/data-integration/samples/transformations/luciddb - merge example1.ktr]  Error initializing step [LucidDB Streaming Loader]
2018-12-17 22:15:45.535 ERROR <main> [/mnt/b2c7efbf-ef52-437d-8ca7-e46ea581cbba/Kuliah/materikuliah/Semester3/BasisDataLanjut/kolo/data-integration/samples/transformations/luciddb - merge example1.ktr]  Step [LucidDB Streaming Loader.0] failed to initialize!
2018-12-17 22:28:37.316 ERROR <Repository Import - Import Repository> [/mnt/b2c7efbf-ef52-437d-8ca7-e46ea581cbba/Kuliah/materikuliah/Semester3/BasisDataLanjut/kolo/data-integration/samples/transformations/Repository Import.ktr]  Unexpected error
2018-12-17 22:28:37.318 ERROR <Repository Import - Import Repository> [/mnt/b2c7efbf-ef52-437d-8ca7-e46ea581cbba/Kuliah/materikuliah/Semester3/BasisDataLanjut/kolo/data-integration/samples/transformations/Repository Import.ktr]  org.pentaho.di.core.exception.KettleValueException: 
Javascript error: 
TypeError: Cannot call method "loadRepositoryDirectoryTree" of null (script#4)

	at org.pentaho.di.trans.steps.scriptvalues_mod.ScriptValuesMod.addValues(ScriptValuesMod.java:475)
	at org.pentaho.di.trans.steps.scriptvalues_mod.ScriptValuesMod.processRow(ScriptValuesMod.java:547)
	at org.pentaho.di.trans.step.RunThread.run(RunThread.java:62)
	at java.lang.Thread.run(Thread.java:748)
Caused by: org.mozilla.javascript.EcmaError: TypeError: Cannot call method "loadRepositoryDirectoryTree" of null (script#4)
	at org.mozilla.javascript.ScriptRuntime.constructError(ScriptRuntime.java:3785)
	at org.mozilla.javascript.ScriptRuntime.constructError(ScriptRuntime.java:3763)
	at org.mozilla.javascript.ScriptRuntime.typeError(ScriptRuntime.java:3791)
	at org.mozilla.javascript.ScriptRuntime.typeError2(ScriptRuntime.java:3810)
	at org.mozilla.javascript.ScriptRuntime.undefCallError(ScriptRuntime.java:3829)
	at org.mozilla.javascript.ScriptRuntime.getPropFunctionAndThisHelper(ScriptRuntime.java:2334)
	at org.mozilla.javascript.ScriptRuntime.getPropFunctionAndThis(ScriptRuntime.java:2327)
	at org.mozilla.javascript.optimizer.OptRuntime.callProp0(OptRuntime.java:117)
	at org.mozilla.javascript.gen.script_1._c_script_0(script:4)
	at org.mozilla.javascript.gen.script_1.call(script)
	at org.mozilla.javascript.ContextFactory.doTopCall(ContextFactory.java:426)
	at org.mozilla.javascript.ScriptRuntime.doTopCall(ScriptRuntime.java:3178)
	at org.mozilla.javascript.gen.script_1.call(script)
	at org.mozilla.javascript.gen.script_1.exec(script)
	at org.pentaho.di.trans.steps.scriptvalues_mod.ScriptValuesMod.addValues(ScriptValuesMod.java:388)
	... 3 more

2018-12-17 22:28:37.336 WARN  <Repository Import - Import Repository> [/mnt/b2c7efbf-ef52-437d-8ca7-e46ea581cbba/Kuliah/materikuliah/Semester3/BasisDataLanjut/kolo/data-integration/samples/transformations/Repository Import.ktr]  Transformation detected one or more steps with errors.
2018-12-17 22:28:37.337 WARN  <Repository Import - Import Repository> [/mnt/b2c7efbf-ef52-437d-8ca7-e46ea581cbba/Kuliah/materikuliah/Semester3/BasisDataLanjut/kolo/data-integration/samples/transformations/Repository Import.ktr]  Transformation is killing the other steps!
2018-12-17 22:29:14.433 ERROR <init of RFC_READ_TABLE.0 (Thread-44)> [/mnt/b2c7efbf-ef52-437d-8ca7-e46ea581cbba/Kuliah/materikuliah/Semester3/BasisDataLanjut/kolo/data-integration/samples/transformations/SAP Input Tables.ktr]  An error occurred while connecting to SAP ERP, processing will be stopped:
2018-12-17 22:29:14.443 ERROR <init of RFC_READ_TABLE.0 (Thread-44)> [/mnt/b2c7efbf-ef52-437d-8ca7-e46ea581cbba/Kuliah/materikuliah/Semester3/BasisDataLanjut/kolo/data-integration/samples/transformations/SAP Input Tables.ktr]  org.pentaho.di.trans.steps.sapinput.sap.SAPException: 
The SAP JCo library (e.g. sapjco3.jar) does not exist. Please copy it to your libext directory!

	at org.pentaho.di.trans.steps.sapinput.sap.SAPConnectionFactory.create(SAPConnectionFactory.java:39)
	at org.pentaho.di.trans.steps.sapinput.SapInput.init(SapInput.java:179)
	at org.pentaho.di.trans.step.StepInitThread.run(StepInitThread.java:69)
	at java.lang.Thread.run(Thread.java:748)

2018-12-17 22:29:14.459 ERROR <init of RFC_READ_TABLE 2.0 (Thread-47)> [/mnt/b2c7efbf-ef52-437d-8ca7-e46ea581cbba/Kuliah/materikuliah/Semester3/BasisDataLanjut/kolo/data-integration/samples/transformations/SAP Input Tables.ktr]  An error occurred while connecting to SAP ERP, processing will be stopped:
2018-12-17 22:29:14.460 ERROR <init of RFC_READ_TABLE 2.0 (Thread-47)> [/mnt/b2c7efbf-ef52-437d-8ca7-e46ea581cbba/Kuliah/materikuliah/Semester3/BasisDataLanjut/kolo/data-integration/samples/transformations/SAP Input Tables.ktr]  org.pentaho.di.trans.steps.sapinput.sap.SAPException: 
The SAP JCo library (e.g. sapjco3.jar) does not exist. Please copy it to your libext directory!

	at org.pentaho.di.trans.steps.sapinput.sap.SAPConnectionFactory.create(SAPConnectionFactory.java:39)
	at org.pentaho.di.trans.steps.sapinput.SapInput.init(SapInput.java:179)
	at org.pentaho.di.trans.step.StepInitThread.run(StepInitThread.java:69)
	at java.lang.Thread.run(Thread.java:748)

2018-12-17 22:29:14.460 ERROR <init of RFC_READ_TABLE.0 (Thread-44)> [/mnt/b2c7efbf-ef52-437d-8ca7-e46ea581cbba/Kuliah/materikuliah/Semester3/BasisDataLanjut/kolo/data-integration/samples/transformations/SAP Input Tables.ktr]  Error initializing step [RFC_READ_TABLE]
2018-12-17 22:29:14.490 ERROR <init of RFC_READ_TABLE 2.0 (Thread-47)> [/mnt/b2c7efbf-ef52-437d-8ca7-e46ea581cbba/Kuliah/materikuliah/Semester3/BasisDataLanjut/kolo/data-integration/samples/transformations/SAP Input Tables.ktr]  Error initializing step [RFC_READ_TABLE 2]
2018-12-17 22:29:14.540 ERROR <main> [/mnt/b2c7efbf-ef52-437d-8ca7-e46ea581cbba/Kuliah/materikuliah/Semester3/BasisDataLanjut/kolo/data-integration/samples/transformations/SAP Input Tables.ktr]  Step [RFC_READ_TABLE.0] failed to initialize!
2018-12-17 22:29:14.540 ERROR <main> [/mnt/b2c7efbf-ef52-437d-8ca7-e46ea581cbba/Kuliah/materikuliah/Semester3/BasisDataLanjut/kolo/data-integration/samples/transformations/SAP Input Tables.ktr]  Step [RFC_READ_TABLE 2.0] failed to initialize!
2018-12-17 22:31:29.700 ERROR <init of LucidDB Streaming Loader.0 (Thread-45)> [/mnt/b2c7efbf-ef52-437d-8ca7-e46ea581cbba/Kuliah/materikuliah/Semester3/BasisDataLanjut/kolo/data-integration/samples/transformations/luciddb - insert example1.ktr]  
Error occurred while trying to connect to the database

Error connecting to database: (using class org.luciddb.jdbc.LucidDbClientDriver)
Connection refused (Connection refused)


2018-12-17 22:31:29.701 ERROR <init of LucidDB Streaming Loader.0 (Thread-45)> [/mnt/b2c7efbf-ef52-437d-8ca7-e46ea581cbba/Kuliah/materikuliah/Semester3/BasisDataLanjut/kolo/data-integration/samples/transformations/luciddb - insert example1.ktr]  Error initializing step [LucidDB Streaming Loader]
2018-12-17 22:31:29.701 ERROR <main> [/mnt/b2c7efbf-ef52-437d-8ca7-e46ea581cbba/Kuliah/materikuliah/Semester3/BasisDataLanjut/kolo/data-integration/samples/transformations/luciddb - insert example1.ktr]  Step [LucidDB Streaming Loader.0] failed to initialize!
2018-12-17 22:32:49.566 ERROR <Twitter JSON parsing and hashtag aggregation - Mapping input specification> [/mnt/b2c7efbf-ef52-437d-8ca7-e46ea581cbba/Kuliah/materikuliah/Semester3/BasisDataLanjut/kolo/data-integration/samples/transformations/real-time-streaming/Twitter JSON parsing and hashtag aggregation.ktr]  Unexpected error
2018-12-17 22:32:49.567 ERROR <Twitter JSON parsing and hashtag aggregation - Mapping input specification> [/mnt/b2c7efbf-ef52-437d-8ca7-e46ea581cbba/Kuliah/materikuliah/Semester3/BasisDataLanjut/kolo/data-integration/samples/transformations/real-time-streaming/Twitter JSON parsing and hashtag aggregation.ktr]  org.pentaho.di.core.exception.KettleException: 
Unable to connect with parent transformation after 60 seconds.

	at org.pentaho.di.trans.steps.mappinginput.MappingInput.processRow(MappingInput.java:88)
	at org.pentaho.di.trans.step.RunThread.run(RunThread.java:62)
	at java.lang.Thread.run(Thread.java:748)

2018-12-17 22:32:49.610 WARN  <Twitter JSON parsing and hashtag aggregation - Mapping input specification> [/mnt/b2c7efbf-ef52-437d-8ca7-e46ea581cbba/Kuliah/materikuliah/Semester3/BasisDataLanjut/kolo/data-integration/samples/transformations/real-time-streaming/Twitter JSON parsing and hashtag aggregation.ktr]  Transformation detected one or more steps with errors.
2018-12-17 22:32:49.610 WARN  <Twitter JSON parsing and hashtag aggregation - Mapping input specification> [/mnt/b2c7efbf-ef52-437d-8ca7-e46ea581cbba/Kuliah/materikuliah/Semester3/BasisDataLanjut/kolo/data-integration/samples/transformations/real-time-streaming/Twitter JSON parsing and hashtag aggregation.ktr]  Transformation is killing the other steps!
2018-12-17 22:33:07.760 ERROR <main> [/mnt/b2c7efbf-ef52-437d-8ca7-e46ea581cbba/Kuliah/materikuliah/Semester3/BasisDataLanjut/kolo/data-integration/samples/transformations/real-time-streaming/Read a twitter stream.ktr]  Error initializing UserDefinedJavaClass:
2018-12-17 22:33:07.762 ERROR <main> [/mnt/b2c7efbf-ef52-437d-8ca7-e46ea581cbba/Kuliah/materikuliah/Semester3/BasisDataLanjut/kolo/data-integration/samples/transformations/real-time-streaming/Read a twitter stream.ktr]  org.codehaus.commons.compiler.CompileException: Line 12, Column 8: Imported class "org.apache.commons.httpclient.Credentials" could not be loaded

2018-12-17 22:33:07.764 ERROR <main> [/mnt/b2c7efbf-ef52-437d-8ca7-e46ea581cbba/Kuliah/materikuliah/Semester3/BasisDataLanjut/kolo/data-integration/samples/transformations/real-time-streaming/Read a twitter stream.ktr]  Something went wrong while trying to safe stop the transformation: 
2018-12-17 22:33:07.765 ERROR <main> [/mnt/b2c7efbf-ef52-437d-8ca7-e46ea581cbba/Kuliah/materikuliah/Semester3/BasisDataLanjut/kolo/data-integration/samples/transformations/real-time-streaming/Read a twitter stream.ktr]  java.lang.NullPointerException
	at org.pentaho.di.trans.steps.singlethreader.SingleThreader.stopRunning(SingleThreader.java:325)
	at org.pentaho.di.trans.Trans.stopStep(Trans.java:2027)
	at org.pentaho.di.trans.Trans.lambda$stopAll$2(Trans.java:2011)
	at java.util.ArrayList.forEach(ArrayList.java:1257)
	at org.pentaho.di.trans.Trans.stopAll(Trans.java:2011)
	at org.pentaho.di.trans.step.BaseStep.stopAll(BaseStep.java:3008)
	at org.pentaho.di.trans.steps.userdefinedjavaclass.UserDefinedJavaClass.stopAllImpl(UserDefinedJavaClass.java:1286)
	at org.pentaho.di.trans.steps.userdefinedjavaclass.UserDefinedJavaClass.<init>(UserDefinedJavaClass.java:70)
	at org.pentaho.di.trans.steps.userdefinedjavaclass.UserDefinedJavaClassMeta.getStep(UserDefinedJavaClassMeta.java:717)
	at org.pentaho.di.trans.Trans.prepareExecution(Trans.java:1027)
	at org.pentaho.di.trans.Trans.execute(Trans.java:738)
	at org.pentaho.di.pan.PanCommandExecutor.execute(PanCommandExecutor.java:168)
	at org.pentaho.di.pan.Pan.main(Pan.java:231)
	at sun.reflect.NativeMethodAccessorImpl.invoke0(Native Method)
	at sun.reflect.NativeMethodAccessorImpl.invoke(NativeMethodAccessorImpl.java:62)
	at sun.reflect.DelegatingMethodAccessorImpl.invoke(DelegatingMethodAccessorImpl.java:43)
	at java.lang.reflect.Method.invoke(Method.java:498)
	at org.pentaho.commons.launcher.Launcher.main(Launcher.java:92)

2018-12-17 22:33:07.812 ERROR <init of Get tweets streaming.0 (Thread-46)> [/mnt/b2c7efbf-ef52-437d-8ca7-e46ea581cbba/Kuliah/materikuliah/Semester3/BasisDataLanjut/kolo/data-integration/samples/transformations/real-time-streaming/Read a twitter stream.ktr]  Error initializing step [Get tweets streaming]
2018-12-17 22:33:08.725 ERROR <init of Minute-based aggregation.0 (Thread-43)> [/mnt/b2c7efbf-ef52-437d-8ca7-e46ea581cbba/Kuliah/materikuliah/Semester3/BasisDataLanjut/kolo/data-integration/samples/transformations/real-time-streaming/Read a twitter stream.ktr]  Unable to load the mapping transformation because of an error : org.pentaho.di.core.exception.KettleException: 
Unable to prepare (allocate, initialize) the execution of the mapping (sub-transformation)

Step 'batch date range' of type 'GroupBy' is not yet supported in a Single Threaded transformation engine.


2018-12-17 22:33:08.729 ERROR <init of Minute-based aggregation.0 (Thread-43)> [/mnt/b2c7efbf-ef52-437d-8ca7-e46ea581cbba/Kuliah/materikuliah/Semester3/BasisDataLanjut/kolo/data-integration/samples/transformations/real-time-streaming/Read a twitter stream.ktr]  org.pentaho.di.core.exception.KettleException: 
Unable to prepare (allocate, initialize) the execution of the mapping (sub-transformation)

Step 'batch date range' of type 'GroupBy' is not yet supported in a Single Threaded transformation engine.


	at org.pentaho.di.trans.steps.singlethreader.SingleThreader.prepareMappingExecution(SingleThreader.java:236)
	at org.pentaho.di.trans.steps.singlethreader.SingleThreader.init(SingleThreader.java:288)
	at org.pentaho.di.trans.step.StepInitThread.run(StepInitThread.java:69)
	at java.lang.Thread.run(Thread.java:748)
Caused by: org.pentaho.di.core.exception.KettleException: 
Step 'batch date range' of type 'GroupBy' is not yet supported in a Single Threaded transformation engine.

	at org.pentaho.di.trans.SingleThreadedTransExecutor.init(SingleThreadedTransExecutor.java:281)
	at org.pentaho.di.trans.steps.singlethreader.SingleThreader.prepareMappingExecution(SingleThreader.java:230)
	... 3 more

2018-12-17 22:33:08.730 ERROR <init of Minute-based aggregation.0 (Thread-43)> [/mnt/b2c7efbf-ef52-437d-8ca7-e46ea581cbba/Kuliah/materikuliah/Semester3/BasisDataLanjut/kolo/data-integration/samples/transformations/real-time-streaming/Read a twitter stream.ktr]  Error initializing step [Minute-based aggregation]
2018-12-17 22:33:08.730 ERROR <main> [/mnt/b2c7efbf-ef52-437d-8ca7-e46ea581cbba/Kuliah/materikuliah/Semester3/BasisDataLanjut/kolo/data-integration/samples/transformations/real-time-streaming/Read a twitter stream.ktr]  Step [Minute-based aggregation.0] failed to initialize!
2018-12-17 22:33:08.732 ERROR <main> [/mnt/b2c7efbf-ef52-437d-8ca7-e46ea581cbba/Kuliah/materikuliah/Semester3/BasisDataLanjut/kolo/data-integration/samples/transformations/real-time-streaming/Read a twitter stream.ktr]  Step [Get tweets streaming.0] failed to initialize!
2018-12-17 22:34:27.338 ERROR <SingleThreaderSub - Mapping input specification> [/mnt/b2c7efbf-ef52-437d-8ca7-e46ea581cbba/Kuliah/materikuliah/Semester3/BasisDataLanjut/kolo/data-integration/samples/transformations/real-time-streaming/SingleThreaderTestOverlappingSub.ktr]  Unexpected error
2018-12-17 22:34:27.339 ERROR <SingleThreaderSub - Mapping input specification> [/mnt/b2c7efbf-ef52-437d-8ca7-e46ea581cbba/Kuliah/materikuliah/Semester3/BasisDataLanjut/kolo/data-integration/samples/transformations/real-time-streaming/SingleThreaderTestOverlappingSub.ktr]  org.pentaho.di.core.exception.KettleException: 
Unable to connect with parent transformation after 60 seconds.

	at org.pentaho.di.trans.steps.mappinginput.MappingInput.processRow(MappingInput.java:88)
	at org.pentaho.di.trans.step.RunThread.run(RunThread.java:62)
	at java.lang.Thread.run(Thread.java:748)

2018-12-17 22:34:27.421 WARN  <SingleThreaderSub - Mapping input specification> [/mnt/b2c7efbf-ef52-437d-8ca7-e46ea581cbba/Kuliah/materikuliah/Semester3/BasisDataLanjut/kolo/data-integration/samples/transformations/real-time-streaming/SingleThreaderTestOverlappingSub.ktr]  Transformation detected one or more steps with errors.
2018-12-17 22:34:27.422 WARN  <SingleThreaderSub - Mapping input specification> [/mnt/b2c7efbf-ef52-437d-8ca7-e46ea581cbba/Kuliah/materikuliah/Semester3/BasisDataLanjut/kolo/data-integration/samples/transformations/real-time-streaming/SingleThreaderTestOverlappingSub.ktr]  Transformation is killing the other steps!
2018-12-17 22:41:19.983 ERROR <Text Input and Output using Variable - Text file input> [/mnt/b2c7efbf-ef52-437d-8ca7-e46ea581cbba/Kuliah/materikuliah/Semester3/BasisDataLanjut/kolo/data-integration/samples/transformations/TextInput and Output using variables.ktr]  Couldn't open file #0 : file:///mnt/b2c7efbf-ef52-437d-8ca7-e46ea581cbba/Kuliah/materikuliah/Semester3/BasisDataLanjut/kolo/data-integration/samples/transformations/files/Semicolon delimited.txt
2018-12-17 22:41:19.987 ERROR <Text Input and Output using Variable - Text file input> [/mnt/b2c7efbf-ef52-437d-8ca7-e46ea581cbba/Kuliah/materikuliah/Semester3/BasisDataLanjut/kolo/data-integration/samples/transformations/TextInput and Output using variables.ktr]  org.pentaho.di.core.exception.KettleFileException: 

DOS format was specified but only a single line feed character was found, not 2


	at org.pentaho.di.trans.steps.fileinput.text.TextFileInputUtils.getLine(TextFileInputUtils.java:304)
	at org.pentaho.di.trans.steps.fileinput.text.TextFileInputReader.tryToReadLine(TextFileInputReader.java:422)
	at org.pentaho.di.trans.steps.fileinput.text.TextFileInputReader.readInitial(TextFileInputReader.java:134)
	at org.pentaho.di.trans.steps.fileinput.text.TextFileInputReader.<init>(TextFileInputReader.java:97)
	at org.pentaho.di.trans.steps.fileinput.text.TextFileInput.createReader(TextFileInput.java:56)
	at org.pentaho.di.trans.steps.fileinput.text.TextFileInput.createReader(TextFileInput.java:45)
	at org.pentaho.di.trans.steps.file.BaseFileInputStep.openNextFile(BaseFileInputStep.java:172)
	at org.pentaho.di.trans.steps.file.BaseFileInputStep.processRow(BaseFileInputStep.java:209)
	at org.pentaho.di.trans.step.RunThread.run(RunThread.java:62)
	at java.lang.Thread.run(Thread.java:748)

2018-12-17 22:41:19.989 WARN  <Text Input and Output using Variable - Text file input> [/mnt/b2c7efbf-ef52-437d-8ca7-e46ea581cbba/Kuliah/materikuliah/Semester3/BasisDataLanjut/kolo/data-integration/samples/transformations/TextInput and Output using variables.ktr]  Transformation detected one or more steps with errors.
2018-12-17 22:41:19.990 WARN  <Text Input and Output using Variable - Text file input> [/mnt/b2c7efbf-ef52-437d-8ca7-e46ea581cbba/Kuliah/materikuliah/Semester3/BasisDataLanjut/kolo/data-integration/samples/transformations/TextInput and Output using variables.ktr]  Transformation is killing the other steps!
2018-12-17 22:41:56.418 ERROR <init of BAPI_ACC_CO_DOCUMENT_FIND.0 (Thread-44)> [/mnt/b2c7efbf-ef52-437d-8ca7-e46ea581cbba/Kuliah/materikuliah/Semester3/BasisDataLanjut/kolo/data-integration/samples/transformations/SAP Input Basic 2.ktr]  An error occurred while connecting to SAP ERP, processing will be stopped:
2018-12-17 22:41:56.420 ERROR <init of BAPI_ACC_CO_DOCUMENT_FIND.0 (Thread-44)> [/mnt/b2c7efbf-ef52-437d-8ca7-e46ea581cbba/Kuliah/materikuliah/Semester3/BasisDataLanjut/kolo/data-integration/samples/transformations/SAP Input Basic 2.ktr]  org.pentaho.di.trans.steps.sapinput.sap.SAPException: 
The SAP JCo library (e.g. sapjco3.jar) does not exist. Please copy it to your libext directory!

	at org.pentaho.di.trans.steps.sapinput.sap.SAPConnectionFactory.create(SAPConnectionFactory.java:39)
	at org.pentaho.di.trans.steps.sapinput.SapInput.init(SapInput.java:179)
	at org.pentaho.di.trans.step.StepInitThread.run(StepInitThread.java:69)
	at java.lang.Thread.run(Thread.java:748)

2018-12-17 22:41:56.424 ERROR <init of BAPI_ACC_CO_DOCUMENT_FIND.0 (Thread-44)> [/mnt/b2c7efbf-ef52-437d-8ca7-e46ea581cbba/Kuliah/materikuliah/Semester3/BasisDataLanjut/kolo/data-integration/samples/transformations/SAP Input Basic 2.ktr]  Error initializing step [BAPI_ACC_CO_DOCUMENT_FIND]
2018-12-17 22:41:56.484 ERROR <main> [/mnt/b2c7efbf-ef52-437d-8ca7-e46ea581cbba/Kuliah/materikuliah/Semester3/BasisDataLanjut/kolo/data-integration/samples/transformations/SAP Input Basic 2.ktr]  Step [BAPI_ACC_CO_DOCUMENT_FIND.0] failed to initialize!
